TN:
SF:src/mock-caido-sdk.ts
FN:1,(empty-report)
FNF:1
FNH:0
FNDA:0,(empty-report)
DA:1,0
DA:10,0
DA:12,0
DA:13,0
DA:14,0
DA:15,0
DA:16,0
DA:17,0
DA:18,0
DA:19,0
DA:20,0
DA:21,0
DA:22,0
DA:23,0
DA:24,0
DA:25,0
DA:26,0
DA:27,0
DA:28,0
DA:29,0
DA:30,0
DA:31,0
DA:32,0
DA:33,0
DA:34,0
DA:35,0
DA:38,0
DA:39,0
DA:40,0
DA:41,0
DA:42,0
DA:43,0
DA:44,0
DA:45,0
DA:46,0
DA:47,0
DA:48,0
DA:49,0
DA:50,0
DA:51,0
DA:52,0
DA:53,0
DA:54,0
DA:55,0
DA:56,0
DA:57,0
DA:58,0
DA:59,0
DA:60,0
DA:61,0
DA:62,0
DA:63,0
DA:64,0
DA:65,0
DA:66,0
DA:67,0
DA:68,0
DA:69,0
DA:70,0
DA:71,0
DA:72,0
DA:73,0
DA:74,0
DA:75,0
DA:76,0
DA:77,0
DA:78,0
DA:79,0
DA:80,0
DA:81,0
DA:84,0
DA:85,0
DA:86,0
DA:87,0
DA:88,0
DA:89,0
DA:90,0
DA:91,0
DA:92,0
DA:93,0
DA:94,0
DA:95,0
DA:96,0
DA:97,0
DA:98,0
DA:99,0
DA:102,0
DA:103,0
DA:104,0
DA:105,0
DA:106,0
DA:107,0
DA:108,0
DA:109,0
DA:110,0
DA:112,0
DA:113,0
DA:114,0
DA:115,0
DA:116,0
DA:118,0
DA:119,0
DA:120,0
DA:121,0
DA:122,0
DA:123,0
DA:124,0
DA:125,0
DA:127,0
DA:128,0
DA:129,0
DA:130,0
DA:131,0
DA:132,0
DA:133,0
DA:134,0
DA:135,0
DA:136,0
DA:138,0
DA:139,0
DA:140,0
DA:141,0
DA:142,0
DA:143,0
DA:144,0
DA:146,0
DA:147,0
DA:149,0
DA:150,0
DA:151,0
DA:152,0
DA:153,0
DA:154,0
DA:155,0
DA:158,0
DA:159,0
DA:160,0
DA:161,0
DA:166,0
DA:167,0
DA:168,0
DA:169,0
DA:172,0
DA:174,0
DA:176,0
DA:177,0
DA:178,0
DA:179,0
DA:181,0
DA:182,0
DA:183,0
DA:184,0
DA:187,0
DA:188,0
DA:190,0
DA:191,0
DA:192,0
DA:193,0
DA:194,0
DA:195,0
DA:196,0
DA:197,0
DA:198,0
DA:199,0
DA:200,0
DA:201,0
DA:202,0
DA:203,0
DA:204,0
DA:205,0
DA:206,0
DA:207,0
DA:208,0
DA:209,0
DA:211,0
DA:212,0
DA:213,0
DA:214,0
DA:215,0
DA:216,0
DA:217,0
DA:218,0
DA:219,0
DA:220,0
DA:222,0
DA:223,0
DA:224,0
DA:225,0
DA:226,0
DA:227,0
DA:228,0
DA:229,0
DA:230,0
DA:231,0
DA:232,0
DA:233,0
DA:235,0
DA:236,0
DA:237,0
DA:238,0
DA:239,0
DA:240,0
DA:242,0
DA:243,0
DA:244,0
DA:245,0
DA:246,0
DA:247,0
DA:248,0
DA:249,0
DA:250,0
DA:251,0
DA:252,0
DA:253,0
DA:254,0
DA:255,0
DA:256,0
DA:257,0
DA:258,0
DA:259,0
DA:262,0
DA:263,0
DA:264,0
DA:265,0
DA:266,0
DA:267,0
DA:268,0
DA:269,0
DA:270,0
DA:271,0
DA:272,0
DA:273,0
DA:274,0
DA:275,0
DA:276,0
DA:277,0
DA:278,0
DA:279,0
DA:280,0
DA:281,0
DA:282,0
DA:283,0
DA:284,0
DA:285,0
DA:286,0
DA:287,0
DA:288,0
DA:289,0
DA:290,0
DA:291,0
DA:292,0
DA:293,0
DA:294,0
DA:295,0
DA:296,0
DA:297,0
DA:298,0
DA:299,0
DA:300,0
DA:301,0
DA:302,0
DA:303,0
DA:304,0
DA:305,0
DA:306,0
DA:307,0
DA:308,0
DA:309,0
DA:310,0
DA:311,0
DA:312,0
DA:313,0
DA:314,0
DA:315,0
DA:316,0
DA:317,0
DA:320,0
DA:321,0
DA:322,0
DA:323,0
DA:324,0
DA:325,0
DA:326,0
DA:327,0
DA:328,0
DA:329,0
DA:330,0
DA:331,0
DA:332,0
DA:333,0
DA:334,0
DA:335,0
DA:336,0
DA:337,0
DA:338,0
DA:339,0
DA:340,0
DA:341,0
DA:342,0
DA:343,0
DA:344,0
DA:345,0
DA:346,0
DA:347,0
DA:348,0
DA:349,0
DA:351,0
DA:352,0
DA:353,0
DA:356,0
DA:358,0
DA:359,0
DA:362,0
DA:365,0
DA:366,0
DA:367,0
DA:369,0
DA:370,0
DA:373,0
DA:374,0
DA:375,0
DA:377,0
DA:378,0
DA:379,0
DA:380,0
DA:381,0
DA:382,0
DA:383,0
DA:384,0
DA:385,0
DA:386,0
DA:389,0
DA:394,0
DA:395,0
DA:397,0
DA:398,0
DA:399,0
DA:400,0
DA:401,0
DA:402,0
DA:403,0
DA:404,0
DA:405,0
DA:406,0
DA:407,0
DA:408,0
DA:409,0
DA:411,0
DA:412,0
DA:413,0
DA:416,0
DA:420,0
DA:421,0
DA:422,0
DA:423,0
DA:424,0
DA:425,0
DA:426,0
DA:428,0
DA:429,0
DA:430,0
DA:431,0
DA:432,0
DA:433,0
DA:434,0
DA:435,0
LF:366
LH:0
BRDA:1,0,0,0
BRF:1
BRH:0
end_of_record
TN:
SF:src/components/AppHeader.vue
FN:3,__vite_ssr_import_2__.createElementBlock.__vite_ssr_import_2__.createElementVNode.onClick._cache.<computed>._cache.<computed>
FN:13,__vite_ssr_import_2__.createElementBlock.__vite_ssr_import_2__.createElementVNode.__vite_ssr_import_2__.createElementVNode.onInput._cache.<computed>._cache.<computed>
FN:23,__vite_ssr_import_2__.createElementBlock.__vite_ssr_import_2__.createElementVNode.__vite_ssr_import_2__.createElementVNode.onClick._cache.<computed>._cache.<computed>
FNF:3
FNH:3
FNDA:2,__vite_ssr_import_2__.createElementBlock.__vite_ssr_import_2__.createElementVNode.onClick._cache.<computed>._cache.<computed>
FNDA:1,__vite_ssr_import_2__.createElementBlock.__vite_ssr_import_2__.createElementVNode.__vite_ssr_import_2__.createElementVNode.onInput._cache.<computed>._cache.<computed>
FNDA:1,__vite_ssr_import_2__.createElementBlock.__vite_ssr_import_2__.createElementVNode.__vite_ssr_import_2__.createElementVNode.onClick._cache.<computed>._cache.<computed>
DA:1,1
DA:2,1
DA:3,1
DA:4,1
DA:5,1
DA:6,1
DA:7,1
DA:8,1
DA:9,1
DA:10,1
DA:11,1
DA:12,1
DA:13,1
DA:14,1
DA:15,1
DA:16,1
DA:17,1
DA:18,1
DA:19,1
DA:20,1
DA:21,1
DA:22,1
DA:23,1
DA:24,1
DA:25,1
DA:26,1
DA:27,1
DA:28,1
DA:29,1
DA:30,1
DA:31,1
DA:35,1
DA:42,1
DA:57,1
DA:59,1
LF:35
LH:35
BRDA:24,0,0,2
BRDA:24,1,0,18
BRDA:27,2,0,19
BRDA:27,3,0,1
BRDA:27,4,0,1
BRDA:28,5,0,2
BRDA:28,6,0,1
BRDA:28,7,0,1
BRDA:29,8,0,1
BRDA:29,9,0,19
BRDA:3,10,0,2
BRDA:13,11,0,1
BRDA:23,12,0,1
BRF:13
BRH:13
end_of_record
TN:
SF:src/components/EmptyState.vue
FNF:0
FNH:0
DA:1,1
DA:2,1
DA:3,11
DA:4,7
DA:5,7
DA:6,7
DA:7,7
DA:8,7
DA:9,7
DA:10,7
DA:11,7
DA:13,7
DA:14,7
DA:15,7
DA:16,7
DA:17,7
DA:18,7
DA:19,7
DA:20,7
DA:22,7
DA:23,7
DA:24,7
DA:25,7
DA:26,7
DA:27,7
DA:28,7
DA:29,7
DA:30,7
DA:31,11
DA:33,4
LF:30
LH:30
BRDA:2,0,0,2
BRDA:2,1,0,11
BRDA:3,2,0,8
BRDA:3,3,0,7
BRDA:13,4,0,6
BRDA:22,5,0,6
BRDA:31,6,0,4
BRDA:11,7,0,2
BRDA:20,8,0,1
BRF:9
BRH:9
end_of_record
TN:
SF:src/components/FilterBar.vue
FN:10,onClick
FN:21,onClick
FN:32,onClick
FNF:3
FNH:3
FNDA:2,onClick
FNDA:1,onClick
FNDA:1,onClick
DA:1,1
DA:2,1
DA:3,1
DA:4,1
DA:5,1
DA:6,1
DA:7,1
DA:8,1
DA:9,1
DA:10,1
DA:11,1
DA:12,1
DA:13,1
DA:14,1
DA:15,1
DA:16,1
DA:17,1
DA:18,1
DA:19,1
DA:20,1
DA:21,1
DA:22,1
DA:23,1
DA:24,1
DA:25,1
DA:26,1
DA:27,1
DA:28,1
DA:29,1
DA:30,1
DA:31,1
DA:32,1
DA:33,1
DA:34,1
DA:35,1
DA:40,1
LF:36
LH:36
BRDA:10,0,0,2
BRDA:21,1,0,1
BRDA:32,2,0,1
BRF:3
BRH:3
end_of_record
TN:
SF:src/components/HelpModal.vue
FN:5,__vite_ssr_import_2__.createBlock.$props.open.__vite_ssr_import_2__.createElementBlock.__vite_ssr_import_2__.createElementVNode.__vite_ssr_import_2__.createElementVNode.onClick._cache.<computed>._cache.<computed>
FN:31,onClick
FN:35,__vite_ssr_import_2__.createBlock.$props.open.__vite_ssr_import_2__.createElementBlock.__vite_ssr_import_2__.createElementVNode.__vite_ssr_import_2__.createElementVNode.__vite_ssr_import_2__.createElementVNode.__vite_ssr_import_2__.createElementVNode.onClick._cache.<computed>._cache.<computed>
FN:39,__vite_ssr_import_2__.createBlock.$props.open.__vite_ssr_import_2__.createElementBlock.__vite_ssr_import_2__.createElementVNode.__vite_ssr_import_2__.createElementVNode.__vite_ssr_import_2__.createElementVNode.$props.page.$setup.HELP_PAGES.length.__vite_ssr_import_2__.createElementBlock.onClick._cache.<computed>._cache.<computed>
FN:44,__vite_ssr_import_2__.createBlock.$props.open.__vite_ssr_import_2__.createElementBlock.__vite_ssr_import_2__.createElementVNode.__vite_ssr_import_2__.createElementVNode.__vite_ssr_import_2__.createElementVNode.$props.page.$setup.HELP_PAGES.length.__vite_ssr_import_2__.createElementBlock.onClick._cache.<computed>._cache.<computed>
FNF:5
FNH:5
FNDA:1,__vite_ssr_import_2__.createBlock.$props.open.__vite_ssr_import_2__.createElementBlock.__vite_ssr_import_2__.createElementVNode.__vite_ssr_import_2__.createElementVNode.onClick._cache.<computed>._cache.<computed>
FNDA:1,onClick
FNDA:1,__vite_ssr_import_2__.createBlock.$props.open.__vite_ssr_import_2__.createElementBlock.__vite_ssr_import_2__.createElementVNode.__vite_ssr_import_2__.createElementVNode.__vite_ssr_import_2__.createElementVNode.__vite_ssr_import_2__.createElementVNode.onClick._cache.<computed>._cache.<computed>
FNDA:1,__vite_ssr_import_2__.createBlock.$props.open.__vite_ssr_import_2__.createElementBlock.__vite_ssr_import_2__.createElementVNode.__vite_ssr_import_2__.createElementVNode.__vite_ssr_import_2__.createElementVNode.$props.page.$setup.HELP_PAGES.length.__vite_ssr_import_2__.createElementBlock.onClick._cache.<computed>._cache.<computed>
FNDA:1,__vite_ssr_import_2__.createBlock.$props.open.__vite_ssr_import_2__.createElementBlock.__vite_ssr_import_2__.createElementVNode.__vite_ssr_import_2__.createElementVNode.__vite_ssr_import_2__.createElementVNode.$props.page.$setup.HELP_PAGES.length.__vite_ssr_import_2__.createElementBlock.onClick._cache.<computed>._cache.<computed>
DA:1,1
DA:2,1
DA:3,1
DA:4,1
DA:5,1
DA:7,1
DA:8,1
DA:9,1
DA:10,1
DA:11,1
DA:12,1
DA:13,0
DA:14,1
DA:15,1
DA:17,1
DA:18,1
DA:19,1
DA:20,1
DA:21,1
DA:22,1
DA:24,1
DA:25,1
DA:26,1
DA:27,1
DA:28,1
DA:29,1
DA:30,1
DA:31,1
DA:32,1
DA:33,1
DA:34,1
DA:35,1
DA:36,1
DA:37,1
DA:38,18
DA:39,18
DA:40,18
DA:41,3
DA:43,3
DA:44,3
DA:45,3
DA:46,1
DA:47,1
DA:48,1
DA:49,1
DA:50,1
DA:54,1
LF:47
LH:46
BRDA:12,0,0,0
BRDA:37,1,0,18
BRDA:40,2,0,3
BRDA:3,3,0,1
BRDA:5,4,0,1
BRDA:20,5,0,60
BRDA:31,6,0,1
BRDA:35,7,0,1
BRDA:39,8,0,1
BRDA:44,9,0,1
BRF:10
BRH:9
end_of_record
TN:
SF:src/components/ParameterDrawer.vue
FN:185,emitCopy
FN:189,handleSubmitFinding
FN:9,__vite_ssr_import_5__.createElementBlock.$props.parameter.__vite_ssr_import_5__.createElementBlock.__vite_ssr_import_5__.createElementVNode.__vite_ssr_import_5__.createElementVNode.onClick._cache.<computed>._cache.<computed>
FN:12,__vite_ssr_import_5__.createElementBlock.$props.parameter.__vite_ssr_import_5__.createElementBlock.__vite_ssr_import_5__.createElementVNode.onClick._cache.<computed>._cache.<computed>
FN:32,__vite_ssr_import_5__.createElementBlock.$props.parameter.__vite_ssr_import_5__.createElementBlock.__vite_ssr_import_5__.createElementVNode.__vite_ssr_import_5__.createElementVNode.__vite_ssr_import_5__.createElementVNode.__vite_ssr_import_5__.createElementVNode.onClick._cache.<computed>._cache.<computed>
FN:104,__vite_ssr_import_5__.createElementBlock.$props.parameter.__vite_ssr_import_5__.createElementBlock.$setup.showFindingForm.__vite_ssr_import_5__.createElementBlock.__vite_ssr_import_5__.createElementVNode.__vite_ssr_import_5__.createElementVNode.onClick._cache.<computed>._cache.<computed>
FN:115,__vite_ssr_import_5__.createElementBlock.$props.parameter.__vite_ssr_import_5__.createElementBlock.__vite_ssr_import_5__.createElementVNode.onClick._cache.<computed>._cache.<computed>
FN:123,__vite_ssr_import_5__.createElementBlock.$props.parameter.__vite_ssr_import_5__.createElementBlock.__vite_ssr_import_5__.createElementVNode.onClick._cache.<computed>._cache.<computed>
FN:129,__vite_ssr_import_5__.createElementBlock.$props.parameter.__vite_ssr_import_5__.createElementBlock.$setup.showFindingForm.__vite_ssr_import_5__.createElementBlock.onClick._cache.<computed>._cache.<computed>
FNF:9
FNH:8
FNDA:2,emitCopy
FNDA:0,handleSubmitFinding
FNDA:1,__vite_ssr_import_5__.createElementBlock.$props.parameter.__vite_ssr_import_5__.createElementBlock.__vite_ssr_import_5__.createElementVNode.__vite_ssr_import_5__.createElementVNode.onClick._cache.<computed>._cache.<computed>
FNDA:1,__vite_ssr_import_5__.createElementBlock.$props.parameter.__vite_ssr_import_5__.createElementBlock.__vite_ssr_import_5__.createElementVNode.onClick._cache.<computed>._cache.<computed>
FNDA:1,__vite_ssr_import_5__.createElementBlock.$props.parameter.__vite_ssr_import_5__.createElementBlock.__vite_ssr_import_5__.createElementVNode.__vite_ssr_import_5__.createElementVNode.__vite_ssr_import_5__.createElementVNode.__vite_ssr_import_5__.createElementVNode.onClick._cache.<computed>._cache.<computed>
FNDA:1,__vite_ssr_import_5__.createElementBlock.$props.parameter.__vite_ssr_import_5__.createElementBlock.$setup.showFindingForm.__vite_ssr_import_5__.createElementBlock.__vite_ssr_import_5__.createElementVNode.__vite_ssr_import_5__.createElementVNode.onClick._cache.<computed>._cache.<computed>
FNDA:1,__vite_ssr_import_5__.createElementBlock.$props.parameter.__vite_ssr_import_5__.createElementBlock.__vite_ssr_import_5__.createElementVNode.onClick._cache.<computed>._cache.<computed>
FNDA:1,__vite_ssr_import_5__.createElementBlock.$props.parameter.__vite_ssr_import_5__.createElementBlock.__vite_ssr_import_5__.createElementVNode.onClick._cache.<computed>._cache.<computed>
FNDA:7,__vite_ssr_import_5__.createElementBlock.$props.parameter.__vite_ssr_import_5__.createElementBlock.$setup.showFindingForm.__vite_ssr_import_5__.createElementBlock.onClick._cache.<computed>._cache.<computed>
DA:1,1
DA:2,1
DA:3,1
DA:4,39
DA:5,39
DA:6,39
DA:7,39
DA:8,39
DA:9,39
DA:10,39
DA:11,39
DA:12,39
DA:13,1
DA:15,1
DA:16,1
DA:17,1
DA:18,1
DA:19,1
DA:20,1
DA:21,1
DA:22,1
DA:23,1
DA:24,1
DA:25,1
DA:26,1
DA:27,1
DA:28,1
DA:29,1
DA:30,1
DA:31,1
DA:32,1
DA:33,1
DA:34,1
DA:35,1
DA:36,1
DA:37,1
DA:38,1
DA:39,1
DA:40,1
DA:41,1
DA:42,1
DA:43,1
DA:44,1
DA:45,1
DA:46,1
DA:47,1
DA:48,1
DA:49,1
DA:50,1
DA:51,1
DA:52,1
DA:53,1
DA:54,1
DA:55,1
DA:56,1
DA:57,1
DA:58,1
DA:59,1
DA:60,1
DA:61,1
DA:62,1
DA:63,1
DA:64,1
DA:65,1
DA:67,1
DA:68,1
DA:69,1
DA:70,1
DA:71,1
DA:72,1
DA:73,1
DA:75,1
DA:76,1
DA:77,1
DA:78,1
DA:79,1
DA:80,1
DA:81,1
DA:83,1
DA:84,1
DA:85,1
DA:86,1
DA:87,1
DA:88,1
DA:89,1
DA:90,1
DA:91,1
DA:92,1
DA:93,1
DA:94,1
DA:95,1
DA:96,1
DA:97,1
DA:98,1
DA:99,1
DA:100,1
DA:101,1
DA:102,1
DA:103,1
DA:104,1
DA:105,1
DA:106,1
DA:107,1
DA:108,1
DA:109,1
DA:111,1
DA:112,1
DA:113,1
DA:114,1
DA:115,1
DA:116,1
DA:118,1
DA:119,1
DA:120,1
DA:121,1
DA:122,1
DA:123,1
DA:124,1
DA:125,1
DA:126,1
DA:127,32
DA:128,32
DA:129,32
DA:130,32
DA:132,32
DA:133,1
DA:134,1
DA:138,1
DA:141,1
DA:142,1
DA:143,1
DA:145,1
DA:150,1
DA:157,1
DA:159,1
DA:160,1
DA:161,1
DA:162,1
DA:163,1
DA:164,1
DA:165,1
DA:166,1
DA:167,1
DA:168,1
DA:169,1
DA:170,1
DA:173,1
DA:174,1
DA:175,1
DA:176,1
DA:177,1
DA:178,1
DA:180,1
DA:181,31
DA:182,31
DA:183,1
DA:185,2
DA:186,2
DA:187,2
DA:189,0
DA:190,0
DA:191,0
LF:162
LH:159
BRDA:174,0,0,36
BRDA:174,1,0,31
BRDA:175,2,0,1
BRDA:180,3,0,31
BRDA:181,4,0,0
BRDA:185,5,0,2
BRDA:3,6,0,39
BRDA:9,7,0,30
BRDA:12,8,0,30
BRDA:12,9,0,5
BRDA:32,10,0,30
BRDA:47,11,0,1
BRDA:47,12,0,38
BRDA:103,13,0,0
BRDA:106,14,0,0
BRDA:107,15,0,0
BRDA:115,16,0,30
BRDA:123,17,0,30
BRDA:124,18,0,1
BRDA:124,19,0,38
BRDA:126,20,0,32
BRDA:129,21,0,30
BRDA:132,22,0,7
BRDA:9,23,0,1
BRDA:12,24,0,1
BRDA:32,25,0,1
BRDA:104,26,0,1
BRDA:115,27,0,1
BRDA:123,28,0,1
BRDA:129,29,0,7
BRF:30
BRH:26
end_of_record
TN:
SF:src/components/ParameterTable.vue
FN:24,onClick
FNF:1
FNH:1
FNDA:1,onClick
DA:1,1
DA:2,1
DA:3,1
DA:4,1
DA:11,1
DA:13,1
DA:14,1
DA:15,1
DA:16,1
DA:17,1
DA:18,1
DA:19,1
DA:21,1
DA:22,1
DA:23,1
DA:24,1
DA:26,1
DA:27,1
DA:28,1
DA:29,1
DA:30,1
DA:31,1
DA:32,1
DA:33,1
DA:34,1
DA:35,1
DA:36,1
DA:37,1
DA:38,1
DA:39,1
DA:40,1
DA:41,1
DA:42,1
DA:43,1
DA:44,1
DA:45,1
DA:46,1
DA:47,1
DA:48,1
DA:49,1
DA:50,1
DA:51,1
DA:52,1
DA:53,1
DA:54,1
DA:55,1
DA:56,1
DA:57,1
DA:58,1
DA:62,1
DA:64,1
LF:51
LH:51
BRDA:24,0,0,1
BRF:1
BRH:1
end_of_record
TN:
SF:src/components/StatusBar.vue
FN:11,__vite_ssr_import_1__.createElementBlock.__vite_ssr_import_1__.createElementVNode.__vite_ssr_import_1__.createElementVNode.onClick._cache.<computed>._cache.<computed>
FNF:1
FNH:1
FNDA:1,__vite_ssr_import_1__.createElementBlock.__vite_ssr_import_1__.createElementVNode.__vite_ssr_import_1__.createElementVNode.onClick._cache.<computed>._cache.<computed>
DA:1,1
DA:2,1
DA:3,1
DA:4,1
DA:5,1
DA:6,1
DA:7,1
DA:8,1
DA:9,1
DA:10,1
DA:11,1
DA:12,1
DA:13,1
DA:14,1
DA:15,1
LF:15
LH:15
BRDA:5,0,0,8
BRDA:5,1,0,2
BRDA:11,2,0,1
BRF:3
BRH:3
end_of_record
TN:
SF:src/components/TreePanel.vue
FN:90,isDomainSelected
FN:94,isEndpointSelected
FN:8,__vite_ssr_import_1__.createElementBlock.__vite_ssr_import_1__.createElementVNode.__vite_ssr_import_1__.createElementVNode.onInput._cache.<computed>._cache.<computed>
FN:10,__vite_ssr_import_1__.createElementBlock.__vite_ssr_import_1__.createElementVNode.__vite_ssr_import_1__.createElementVNode.onClick._cache.<computed>._cache.<computed>
FN:11,__vite_ssr_import_1__.createElementBlock.__vite_ssr_import_1__.createElementVNode.__vite_ssr_import_1__.createElementVNode.onClick._cache.<computed>._cache.<computed>
FN:18,__vite_ssr_import_1__.createElementBlock.__vite_ssr_import_1__.createElementVNode.__vite_ssr_import_1__.createElementVNode.onClick._cache.<computed>._cache.<computed>
FN:30,onClick
FNF:7
FNH:7
FNDA:18,isDomainSelected
FNDA:6,isEndpointSelected
FNDA:1,__vite_ssr_import_1__.createElementBlock.__vite_ssr_import_1__.createElementVNode.__vite_ssr_import_1__.createElementVNode.onInput._cache.<computed>._cache.<computed>
FNDA:1,__vite_ssr_import_1__.createElementBlock.__vite_ssr_import_1__.createElementVNode.__vite_ssr_import_1__.createElementVNode.onClick._cache.<computed>._cache.<computed>
FNDA:1,__vite_ssr_import_1__.createElementBlock.__vite_ssr_import_1__.createElementVNode.__vite_ssr_import_1__.createElementVNode.onClick._cache.<computed>._cache.<computed>
FNDA:1,__vite_ssr_import_1__.createElementBlock.__vite_ssr_import_1__.createElementVNode.__vite_ssr_import_1__.createElementVNode.onClick._cache.<computed>._cache.<computed>
FNDA:1,onClick
DA:1,1
DA:2,1
DA:3,1
DA:4,1
DA:5,1
DA:6,1
DA:7,1
DA:8,1
DA:9,1
DA:10,1
DA:11,1
DA:12,1
DA:14,1
DA:15,1
DA:16,1
DA:17,1
DA:18,1
DA:20,1
DA:21,1
DA:22,1
DA:23,1
DA:24,1
DA:26,1
DA:27,1
DA:28,1
DA:29,1
DA:30,1
DA:32,1
DA:33,16
DA:34,1
DA:35,1
DA:36,1
DA:38,1
DA:39,1
DA:40,1
DA:41,1
DA:42,1
DA:43,1
DA:44,1
DA:46,1
DA:47,1
DA:48,1
DA:49,1
DA:50,1
DA:51,1
DA:52,1
DA:53,1
DA:54,1
DA:73,1
DA:90,18
DA:91,18
DA:92,18
DA:94,6
DA:95,6
DA:96,6
DA:97,2
DA:98,2
DA:99,2
DA:101,6
LF:59
LH:59
BRDA:90,0,0,18
BRDA:91,1,0,5
BRDA:91,2,0,4
BRDA:94,3,0,6
BRDA:96,4,0,2
BRDA:97,5,0,2
BRDA:98,6,0,2
BRDA:8,7,0,1
BRDA:10,8,0,1
BRDA:11,9,0,1
BRDA:18,10,0,1
BRDA:32,11,0,16
BRDA:30,12,0,1
BRDA:44,13,0,1
BRF:14
BRH:14
end_of_record
TN:
SF:src/components/__tests__/AppHeader.test.ts
FN:8,mountHeader
FNF:1
FNH:1
FNDA:20,mountHeader
DA:1,1
DA:2,1
DA:3,1
DA:6,1
DA:8,20
DA:9,20
DA:10,20
DA:11,20
DA:12,20
DA:13,20
DA:14,20
DA:15,20
DA:16,20
DA:17,20
DA:18,20
DA:19,20
DA:20,20
DA:22,1
DA:23,1
DA:24,1
DA:25,1
DA:26,1
DA:27,1
DA:29,1
DA:30,1
DA:31,1
DA:32,1
DA:34,1
DA:35,1
DA:36,1
DA:37,1
DA:39,1
DA:40,1
DA:41,1
DA:42,1
DA:43,1
DA:45,1
DA:46,1
DA:47,1
DA:48,1
DA:49,1
DA:51,1
DA:52,1
DA:53,1
DA:54,1
DA:55,1
DA:56,1
DA:57,1
DA:59,1
DA:60,1
DA:61,1
DA:62,1
DA:63,1
DA:64,1
DA:66,1
DA:67,1
DA:68,1
DA:69,1
DA:70,1
DA:71,1
DA:72,1
DA:74,1
DA:75,1
DA:76,1
DA:77,1
DA:78,1
DA:80,1
DA:81,1
DA:82,1
DA:83,1
DA:84,1
DA:86,1
DA:87,1
DA:88,1
DA:89,1
DA:90,1
DA:91,1
DA:93,1
DA:94,1
DA:95,1
DA:96,1
DA:98,1
DA:99,1
DA:100,1
DA:101,1
DA:103,1
DA:104,1
DA:105,1
DA:106,1
DA:108,1
DA:109,1
DA:110,1
DA:111,1
DA:113,1
DA:114,1
DA:115,1
DA:116,1
DA:117,1
DA:118,1
DA:120,1
DA:121,1
DA:122,1
DA:123,1
DA:124,1
DA:125,1
DA:127,1
DA:128,1
DA:129,1
DA:130,1
DA:131,1
DA:132,1
DA:134,1
DA:135,1
DA:136,1
DA:137,1
DA:138,1
DA:139,1
DA:140,1
DA:141,1
DA:143,1
DA:144,1
DA:145,1
DA:146,1
DA:147,1
DA:148,1
DA:149,1
LF:126
LH:126
BRDA:8,0,0,20
BRDA:22,1,0,1
BRDA:23,2,0,1
BRDA:24,3,0,1
BRDA:29,4,0,1
BRDA:34,5,0,1
BRDA:39,6,0,1
BRDA:45,7,0,1
BRDA:51,8,0,1
BRDA:52,9,0,1
BRDA:59,10,0,1
BRDA:66,11,0,1
BRDA:74,12,0,1
BRDA:75,13,0,1
BRDA:80,14,0,1
BRDA:86,15,0,1
BRDA:87,16,0,1
BRDA:93,17,0,1
BRDA:98,18,0,1
BRDA:103,19,0,1
BRDA:108,20,0,1
BRDA:113,21,0,1
BRDA:120,22,0,1
BRDA:121,23,0,1
BRDA:127,24,0,1
BRDA:134,25,0,1
BRDA:135,26,0,1
BRDA:143,27,0,1
BRDA:144,28,0,1
BRF:29
BRH:29
end_of_record
TN:
SF:src/components/__tests__/EmptyState.test.ts
FN:11,makeScope
FN:20,mountEmptyState
FNF:2
FNH:2
FNDA:9,makeScope
FNDA:13,mountEmptyState
DA:1,1
DA:2,1
DA:3,1
DA:11,9
DA:12,9
DA:13,9
DA:14,9
DA:15,9
DA:16,9
DA:17,9
DA:18,9
DA:20,13
DA:21,13
DA:22,13
DA:23,13
DA:24,13
DA:25,13
DA:26,13
DA:27,13
DA:28,13
DA:29,13
DA:31,1
DA:32,1
DA:33,1
DA:34,1
DA:35,1
DA:36,1
DA:38,1
DA:39,1
DA:40,1
DA:41,1
DA:42,1
DA:43,1
DA:44,1
DA:45,1
DA:46,1
DA:48,1
DA:49,1
DA:50,1
DA:51,1
DA:52,1
DA:53,1
DA:54,1
DA:55,1
DA:56,1
DA:58,1
DA:59,1
DA:60,1
DA:61,1
DA:62,1
DA:63,1
DA:64,1
DA:65,1
DA:67,1
DA:68,1
DA:69,1
DA:70,1
DA:71,1
DA:72,1
DA:73,1
DA:74,1
DA:75,1
DA:76,1
DA:78,1
DA:79,1
DA:80,1
DA:81,1
DA:82,1
DA:83,1
DA:84,1
DA:85,1
DA:86,1
DA:88,1
DA:89,1
DA:90,1
DA:91,1
DA:92,1
DA:93,1
DA:94,1
DA:95,1
DA:97,1
DA:98,1
DA:99,1
DA:100,1
DA:101,1
DA:102,1
DA:104,1
DA:105,1
DA:106,1
DA:108,1
DA:109,1
DA:110,1
DA:111,1
DA:112,1
DA:113,1
DA:114,1
DA:115,1
DA:117,1
DA:118,1
DA:119,1
DA:120,1
DA:121,1
DA:122,1
DA:123,1
DA:124,1
DA:125,1
DA:127,1
DA:128,1
DA:129,1
DA:130,1
DA:131,1
DA:132,1
DA:133,1
DA:134,1
DA:135,1
DA:137,1
DA:138,1
DA:139,1
DA:140,1
DA:141,1
DA:142,1
DA:143,1
DA:144,1
DA:146,1
DA:147,1
DA:148,1
DA:149,1
DA:150,1
DA:151,1
DA:152,1
DA:153,1
DA:154,1
DA:155,1
LF:133
LH:133
BRDA:11,0,0,9
BRDA:20,1,0,13
BRDA:31,2,0,1
BRDA:32,3,0,1
BRDA:33,4,0,1
BRDA:38,5,0,1
BRDA:48,6,0,1
BRDA:49,7,0,1
BRDA:58,8,0,1
BRDA:67,9,0,1
BRDA:78,10,0,1
BRDA:88,11,0,1
BRDA:97,12,0,1
BRDA:108,13,0,1
BRDA:117,14,0,1
BRDA:127,15,0,1
BRDA:128,16,0,1
BRDA:137,17,0,1
BRDA:146,18,0,1
BRF:19
BRH:19
end_of_record
TN:
SF:src/components/__tests__/FilterBar.test.ts
FN:7,mountFilterBar
FNF:1
FNH:1
FNDA:17,mountFilterBar
DA:1,1
DA:2,1
DA:3,1
DA:4,1
DA:5,1
DA:7,17
DA:8,17
DA:9,17
DA:10,17
DA:11,17
DA:12,17
DA:13,17
DA:14,17
DA:15,17
DA:16,17
DA:18,1
DA:19,1
DA:20,1
DA:21,1
DA:22,1
DA:23,1
DA:25,1
DA:26,1
DA:27,1
DA:28,1
DA:30,1
DA:31,1
DA:32,1
DA:33,1
DA:34,1
DA:35,1
DA:37,1
DA:38,1
DA:39,1
DA:40,1
DA:41,1
DA:42,1
DA:44,1
DA:45,1
DA:46,1
DA:47,1
DA:48,1
DA:49,1
DA:50,1
DA:52,1
DA:53,1
DA:54,1
DA:55,1
DA:56,1
DA:57,1
DA:58,1
DA:59,1
DA:61,1
DA:62,1
DA:63,1
DA:64,1
DA:65,1
DA:66,1
DA:67,1
DA:69,1
DA:70,1
DA:71,1
DA:72,1
DA:73,1
DA:74,1
DA:75,1
DA:77,1
DA:78,1
DA:79,1
DA:80,1
DA:81,1
DA:82,1
DA:83,1
DA:84,1
DA:86,1
DA:87,1
DA:88,1
DA:89,1
DA:90,1
DA:91,1
DA:92,1
DA:94,1
DA:95,1
DA:96,1
DA:97,1
DA:98,1
DA:99,1
DA:101,1
DA:102,1
DA:103,1
DA:104,1
DA:105,1
DA:106,1
DA:107,1
DA:109,1
DA:110,1
DA:111,1
DA:112,1
DA:113,1
DA:114,1
DA:115,1
DA:117,1
DA:118,1
DA:119,1
DA:120,1
DA:121,1
DA:122,1
DA:123,1
DA:125,1
DA:126,1
DA:127,1
DA:128,1
DA:129,1
DA:130,1
DA:132,1
DA:133,1
DA:134,1
DA:135,1
DA:136,1
DA:137,1
DA:138,1
DA:139,1
DA:141,1
DA:142,1
DA:143,1
DA:144,1
DA:145,1
DA:146,1
DA:147,1
LF:129
LH:129
BRDA:7,0,0,17
BRDA:18,1,0,1
BRDA:19,2,0,1
BRDA:20,3,0,1
BRDA:25,4,0,1
BRDA:30,5,0,1
BRDA:37,6,0,1
BRDA:44,7,0,1
BRDA:52,8,0,1
BRDA:53,9,0,1
BRDA:57,10,0,2
BRDA:61,11,0,1
BRDA:65,12,0,1
BRDA:69,13,0,1
BRDA:72,14,0,2
BRDA:77,15,0,1
BRDA:80,16,0,1
BRDA:86,17,0,1
BRDA:87,18,0,1
BRDA:90,19,0,2
BRDA:94,20,0,1
BRDA:97,21,0,3
BRDA:101,22,0,1
BRDA:104,23,0,3
BRDA:109,24,0,1
BRDA:112,25,0,10
BRDA:117,26,0,1
BRDA:118,27,0,1
BRDA:121,28,0,1
BRDA:125,29,0,1
BRDA:128,30,0,3
BRDA:132,31,0,1
BRDA:135,32,0,2
BRDA:141,33,0,1
BRDA:142,34,0,1
BRF:35
BRH:35
end_of_record
TN:
SF:src/components/__tests__/HelpModal.test.ts
FN:6,mountModal
FNF:1
FNH:1
FNDA:23,mountModal
DA:1,1
DA:2,1
DA:3,1
DA:4,1
DA:6,23
DA:7,23
DA:8,23
DA:9,23
DA:10,23
DA:11,23
DA:12,23
DA:13,23
DA:15,23
DA:16,23
DA:17,23
DA:18,23
DA:20,1
DA:21,1
DA:22,1
DA:23,1
DA:24,1
DA:25,1
DA:27,1
DA:28,1
DA:29,1
DA:30,1
DA:31,1
DA:33,1
DA:34,1
DA:35,1
DA:36,1
DA:37,1
DA:39,1
DA:40,1
DA:41,1
DA:42,1
DA:44,1
DA:45,1
DA:46,1
DA:47,1
DA:49,1
DA:50,1
DA:51,1
DA:52,1
DA:54,1
DA:55,1
DA:56,1
DA:57,1
DA:59,1
DA:60,1
DA:61,1
DA:62,1
DA:63,1
DA:65,1
DA:66,1
DA:67,1
DA:68,1
DA:69,1
DA:71,1
DA:72,1
DA:73,1
DA:74,1
DA:75,1
DA:76,1
DA:78,1
DA:79,1
DA:80,1
DA:81,1
DA:82,1
DA:84,1
DA:85,1
DA:86,1
DA:87,1
DA:88,1
DA:89,1
DA:91,1
DA:92,1
DA:93,1
DA:94,1
DA:95,1
DA:97,1
DA:98,1
DA:99,1
DA:100,1
DA:102,1
DA:103,1
DA:104,1
DA:105,1
DA:106,1
DA:108,1
DA:109,1
DA:110,1
DA:111,1
DA:112,1
DA:114,1
DA:115,1
DA:116,1
DA:117,1
DA:118,1
DA:119,1
DA:121,1
DA:122,1
DA:123,1
DA:124,1
DA:125,1
DA:126,1
DA:128,1
DA:129,1
DA:130,1
DA:131,1
DA:132,1
DA:133,1
DA:134,1
DA:136,1
DA:137,1
DA:138,1
DA:139,1
DA:140,1
DA:141,1
DA:142,1
DA:144,1
DA:145,1
DA:146,1
DA:147,1
DA:148,1
DA:149,1
DA:151,1
DA:152,1
DA:153,1
DA:154,1
DA:155,1
DA:156,1
DA:158,1
DA:159,1
DA:163,1
DA:164,1
DA:165,1
DA:166,1
DA:167,1
DA:168,1
DA:169,1
LF:141
LH:141
BRDA:6,0,0,23
BRDA:20,1,0,1
BRDA:21,2,0,1
BRDA:22,3,0,1
BRDA:27,4,0,1
BRDA:33,5,0,1
BRDA:34,6,0,1
BRDA:39,7,0,1
BRDA:44,8,0,1
BRDA:49,9,0,1
BRDA:54,10,0,1
BRDA:59,11,0,1
BRDA:65,12,0,1
BRDA:71,13,0,1
BRDA:78,14,0,1
BRDA:84,15,0,1
BRDA:85,16,0,1
BRDA:87,17,0,1
BRDA:91,18,0,1
BRDA:93,19,0,1
BRDA:97,20,0,1
BRDA:99,21,0,2
BRDA:102,22,0,1
BRDA:105,23,0,2
BRDA:108,24,0,1
BRDA:111,25,0,2
BRDA:114,26,0,1
BRDA:116,27,0,2
BRDA:121,28,0,1
BRDA:123,29,0,1
BRDA:128,30,0,1
BRDA:131,31,0,2
BRDA:136,32,0,1
BRDA:144,33,0,1
BRDA:145,34,0,1
BRDA:151,35,0,1
BRDA:158,36,0,1
BRDA:159,37,0,1
BRDA:166,38,0,0
BRF:39
BRH:38
end_of_record
TN:
SF:src/components/__tests__/ParameterDrawer.test.ts
FN:7,makeParam
FN:24,mountDrawer
FNF:2
FNH:2
FNDA:31,makeParam
FNDA:35,mountDrawer
DA:1,1
DA:2,1
DA:3,1
DA:5,1
DA:7,31
DA:8,31
DA:9,31
DA:10,31
DA:11,31
DA:12,31
DA:13,31
DA:14,31
DA:15,31
DA:16,31
DA:17,31
DA:18,31
DA:19,31
DA:20,31
DA:21,31
DA:22,31
DA:24,35
DA:25,35
DA:26,35
DA:27,35
DA:28,35
DA:29,35
DA:30,35
DA:31,35
DA:32,35
DA:33,35
DA:34,35
DA:35,35
DA:36,35
DA:37,35
DA:39,1
DA:40,1
DA:41,1
DA:42,1
DA:43,1
DA:44,1
DA:46,1
DA:47,1
DA:48,1
DA:49,1
DA:51,1
DA:52,1
DA:53,1
DA:54,1
DA:56,1
DA:57,1
DA:58,1
DA:59,1
DA:61,1
DA:62,1
DA:63,1
DA:64,1
DA:65,1
DA:67,1
DA:68,1
DA:69,1
DA:70,1
DA:71,1
DA:73,1
DA:74,1
DA:75,1
DA:76,1
DA:78,1
DA:79,1
DA:80,1
DA:81,1
DA:83,1
DA:84,1
DA:85,1
DA:86,1
DA:87,1
DA:89,1
DA:90,1
DA:91,1
DA:92,1
DA:93,1
DA:94,1
DA:95,1
DA:97,1
DA:98,1
DA:99,1
DA:100,1
DA:101,1
DA:102,1
DA:103,1
DA:105,1
DA:106,1
DA:107,1
DA:108,1
DA:109,1
DA:110,1
DA:112,1
DA:113,1
DA:114,1
DA:115,1
DA:116,1
DA:117,1
DA:118,1
DA:119,1
DA:121,1
DA:122,1
DA:123,1
DA:124,1
DA:125,1
DA:127,1
DA:128,1
DA:129,1
DA:130,1
DA:131,1
DA:133,1
DA:134,1
DA:135,1
DA:136,1
DA:137,1
DA:138,1
DA:139,1
DA:141,1
DA:142,1
DA:143,1
DA:144,1
DA:145,1
DA:146,1
DA:148,1
DA:149,1
DA:150,1
DA:151,1
DA:152,1
DA:153,1
DA:154,1
DA:156,1
DA:158,1
DA:159,1
DA:160,1
DA:161,1
DA:162,1
DA:164,1
DA:165,1
DA:166,1
DA:167,1
DA:168,1
DA:169,1
DA:170,1
DA:172,1
DA:173,1
DA:174,1
DA:175,1
DA:176,1
DA:177,1
DA:178,1
DA:179,1
DA:180,1
DA:182,1
DA:183,1
DA:184,1
DA:185,1
DA:186,1
DA:187,1
DA:189,1
DA:190,1
DA:191,1
DA:192,1
DA:193,1
DA:194,1
DA:196,1
DA:197,1
DA:198,1
DA:199,1
DA:200,1
DA:201,1
DA:202,1
DA:203,1
DA:204,1
DA:205,1
DA:206,1
DA:207,1
DA:209,1
DA:210,1
DA:211,1
DA:212,1
DA:213,1
DA:214,1
DA:215,1
DA:216,1
DA:218,1
DA:219,1
DA:220,1
DA:221,1
DA:222,1
DA:223,1
DA:224,1
DA:225,1
DA:227,1
DA:228,1
DA:229,1
DA:230,1
DA:231,2
DA:232,1
DA:233,1
DA:234,1
DA:235,1
DA:237,1
DA:238,1
DA:239,1
DA:240,1
DA:241,1
DA:242,1
DA:243,1
DA:245,1
DA:246,1
DA:247,1
DA:248,1
DA:249,1
DA:250,1
DA:251,1
DA:253,1
DA:254,1
DA:255,1
DA:256,1
DA:257,1
DA:258,1
DA:259,1
DA:260,1
DA:262,1
DA:263,1
DA:264,1
DA:265,1
DA:266,1
DA:267,1
DA:269,1
DA:270,1
DA:271,1
DA:272,1
DA:273,1
DA:274,1
DA:276,1
DA:277,1
DA:278,1
DA:279,1
DA:280,1
DA:281,1
DA:282,1
DA:283,1
DA:284,1
DA:286,1
DA:287,1
DA:288,1
DA:289,1
DA:290,1
DA:291,1
DA:292,1
DA:293,1
DA:294,1
DA:295,1
DA:297,1
DA:298,1
DA:299,1
DA:300,1
DA:301,1
DA:302,1
DA:303,1
DA:304,1
DA:305,1
DA:306,1
DA:307,1
DA:308,1
LF:269
LH:269
BRDA:7,0,0,31
BRDA:24,1,0,35
BRDA:39,2,0,1
BRDA:40,3,0,1
BRDA:41,4,0,1
BRDA:46,5,0,1
BRDA:51,6,0,1
BRDA:56,7,0,1
BRDA:61,8,0,1
BRDA:67,9,0,1
BRDA:68,10,0,1
BRDA:73,11,0,1
BRDA:78,12,0,1
BRDA:83,13,0,1
BRDA:89,14,0,1
BRDA:90,15,0,1
BRDA:97,16,0,1
BRDA:105,17,0,1
BRDA:108,18,0,3
BRDA:112,19,0,1
BRDA:117,20,0,4
BRDA:121,21,0,1
BRDA:123,22,0,5
BRDA:127,23,0,1
BRDA:129,24,0,5
BRDA:133,25,0,1
BRDA:141,26,0,1
BRDA:143,27,0,6
BRDA:148,28,0,1
BRDA:149,29,0,1
BRDA:156,30,0,1
BRDA:164,31,0,1
BRDA:172,32,0,1
BRDA:182,33,0,1
BRDA:183,34,0,1
BRDA:189,35,0,1
BRDA:196,36,0,1
BRDA:209,37,0,1
BRDA:213,38,0,1
BRDA:218,39,0,1
BRDA:222,40,0,2
BRDA:227,41,0,1
BRDA:230,42,0,2
BRDA:237,43,0,1
BRDA:238,44,0,1
BRDA:241,45,0,3
BRDA:245,46,0,1
BRDA:248,47,0,3
BRDA:253,48,0,1
BRDA:256,49,0,3
BRDA:259,50,0,2
BRDA:262,51,0,1
BRDA:264,52,0,3
BRDA:269,53,0,1
BRDA:271,54,0,3
BRDA:276,55,0,1
BRDA:278,56,0,3
BRDA:286,57,0,1
BRDA:290,58,0,3
BRDA:297,59,0,1
BRDA:301,60,0,3
BRF:61
BRH:61
end_of_record
TN:
SF:src/components/__tests__/ParameterTable.test.ts
FN:7,makeParam
FN:24,mountTable
FNF:2
FNH:2
FNDA:21,makeParam
FNDA:23,mountTable
DA:1,1
DA:2,1
DA:3,1
DA:5,1
DA:7,21
DA:8,21
DA:9,21
DA:10,21
DA:11,21
DA:12,21
DA:13,21
DA:14,21
DA:15,21
DA:16,21
DA:17,21
DA:18,21
DA:19,21
DA:20,21
DA:21,21
DA:22,21
DA:24,23
DA:25,23
DA:26,23
DA:27,23
DA:28,23
DA:29,23
DA:30,23
DA:31,23
DA:32,23
DA:33,23
DA:35,1
DA:36,1
DA:37,1
DA:38,1
DA:39,1
DA:40,1
DA:42,1
DA:43,1
DA:44,1
DA:45,1
DA:47,1
DA:48,1
DA:49,1
DA:50,1
DA:51,1
DA:52,1
DA:53,1
DA:54,1
DA:55,1
DA:56,1
DA:57,1
DA:59,1
DA:60,1
DA:61,1
DA:62,1
DA:63,1
DA:64,1
DA:66,1
DA:67,1
DA:68,1
DA:69,1
DA:70,1
DA:71,1
DA:73,1
DA:74,1
DA:75,1
DA:76,1
DA:77,1
DA:78,1
DA:79,1
DA:81,1
DA:82,1
DA:83,1
DA:84,1
DA:86,1
DA:87,1
DA:88,1
DA:89,1
DA:90,1
DA:91,1
DA:93,1
DA:94,1
DA:95,1
DA:96,1
DA:97,1
DA:98,1
DA:100,1
DA:101,1
DA:102,1
DA:103,1
DA:105,1
DA:106,1
DA:107,1
DA:108,1
DA:109,1
DA:110,1
DA:112,1
DA:113,1
DA:114,1
DA:115,1
DA:117,1
DA:118,1
DA:119,1
DA:120,1
DA:121,1
DA:122,1
DA:123,1
DA:124,1
DA:125,1
DA:127,1
DA:128,1
DA:129,1
DA:130,1
DA:131,1
DA:132,1
DA:134,1
DA:135,1
DA:136,1
DA:137,1
DA:138,1
DA:139,1
DA:140,1
DA:141,1
DA:143,1
DA:144,1
DA:145,1
DA:146,1
DA:147,1
DA:148,1
DA:149,1
DA:150,1
DA:151,1
DA:153,1
DA:154,1
DA:155,1
DA:156,1
DA:157,1
DA:159,1
DA:160,1
DA:161,1
DA:162,1
DA:163,1
DA:165,1
DA:166,1
DA:167,1
DA:168,1
DA:169,1
DA:170,1
DA:171,1
DA:172,1
DA:173,1
DA:175,1
DA:176,1
DA:177,1
DA:178,1
DA:179,1
DA:180,1
DA:182,1
DA:183,1
DA:184,1
DA:185,1
DA:186,1
DA:187,1
DA:188,1
DA:189,1
DA:191,1
DA:192,1
DA:193,1
DA:194,1
DA:195,1
DA:197,1
DA:198,1
DA:199,1
DA:200,1
DA:201,1
DA:202,1
DA:203,1
DA:204,1
DA:205,1
LF:179
LH:179
BRDA:7,0,0,21
BRDA:24,1,0,23
BRDA:35,2,0,1
BRDA:36,3,0,1
BRDA:37,4,0,1
BRDA:42,5,0,1
BRDA:47,6,0,1
BRDA:50,7,0,7
BRDA:59,8,0,1
BRDA:66,9,0,1
BRDA:67,10,0,1
BRDA:73,11,0,1
BRDA:74,12,0,1
BRDA:81,13,0,1
BRDA:86,14,0,1
BRDA:93,15,0,1
BRDA:100,16,0,1
BRDA:105,17,0,1
BRDA:112,18,0,1
BRDA:117,19,0,1
BRDA:127,20,0,1
BRDA:134,21,0,1
BRDA:143,22,0,1
BRDA:153,23,0,1
BRDA:154,24,0,1
BRDA:159,25,0,1
BRDA:165,26,0,1
BRDA:170,27,0,1
BRDA:175,28,0,1
BRDA:176,29,0,1
BRDA:182,30,0,1
BRDA:191,31,0,1
BRDA:197,32,0,1
BRDA:198,33,0,1
BRF:34
BRH:34
end_of_record
TN:
SF:src/components/__tests__/StatusBar.test.ts
FN:5,mountStatusBar
FNF:1
FNH:1
FNDA:10,mountStatusBar
DA:1,1
DA:2,1
DA:3,1
DA:5,10
DA:6,10
DA:7,10
DA:8,10
DA:9,10
DA:10,10
DA:11,10
DA:12,10
DA:13,10
DA:15,1
DA:16,1
DA:17,1
DA:18,1
DA:19,1
DA:20,1
DA:22,1
DA:23,1
DA:24,1
DA:25,1
DA:27,1
DA:28,1
DA:29,1
DA:30,1
DA:31,1
DA:33,1
DA:34,1
DA:35,1
DA:36,1
DA:37,1
DA:39,1
DA:40,1
DA:41,1
DA:42,1
DA:44,1
DA:45,1
DA:46,1
DA:47,1
DA:49,1
DA:50,1
DA:51,1
DA:52,1
DA:53,1
DA:55,1
DA:56,1
DA:57,1
DA:58,1
DA:59,1
DA:61,1
DA:62,1
DA:63,1
DA:64,1
DA:65,1
DA:67,1
DA:68,1
DA:69,1
DA:70,1
DA:71,1
DA:72,1
DA:73,1
DA:74,1
LF:63
LH:63
BRDA:5,0,0,10
BRDA:15,1,0,1
BRDA:16,2,0,1
BRDA:17,3,0,1
BRDA:22,4,0,1
BRDA:27,5,0,1
BRDA:33,6,0,1
BRDA:34,7,0,1
BRDA:39,8,0,1
BRDA:44,9,0,1
BRDA:49,10,0,1
BRDA:55,11,0,1
BRDA:56,12,0,1
BRDA:61,13,0,1
BRDA:67,14,0,1
BRDA:68,15,0,1
BRF:16
BRH:16
end_of_record
TN:
SF:src/components/__tests__/TreePanel.test.ts
FN:8,makeEndpoint
FN:33,makeTree
FN:41,mountTree
FNF:3
FNH:3
FNDA:18,makeEndpoint
FNDA:16,makeTree
FNDA:29,mountTree
DA:1,1
DA:2,1
DA:3,1
DA:5,1
DA:8,18
DA:9,18
DA:10,18
DA:11,18
DA:12,18
DA:13,18
DA:14,18
DA:15,18
DA:16,18
DA:17,0
DA:18,0
DA:19,0
DA:20,0
DA:21,0
DA:22,0
DA:23,0
DA:24,0
DA:25,0
DA:26,0
DA:27,0
DA:28,0
DA:29,18
DA:30,18
DA:31,18
DA:33,16
DA:34,16
DA:35,18
DA:36,18
DA:37,18
DA:38,16
DA:39,16
DA:41,29
DA:42,29
DA:43,29
DA:44,29
DA:45,29
DA:46,29
DA:47,29
DA:48,29
DA:49,29
DA:50,29
DA:51,29
DA:52,29
DA:53,29
DA:55,1
DA:56,1
DA:57,1
DA:58,1
DA:59,1
DA:60,1
DA:62,1
DA:63,1
DA:64,1
DA:65,1
DA:67,1
DA:68,1
DA:69,1
DA:70,1
DA:72,1
DA:73,1
DA:74,1
DA:75,1
DA:77,1
DA:78,1
DA:79,1
DA:80,1
DA:81,1
DA:82,1
DA:84,1
DA:85,1
DA:86,1
DA:87,1
DA:88,1
DA:90,1
DA:91,1
DA:92,1
DA:93,1
DA:94,1
DA:96,1
DA:97,1
DA:98,1
DA:99,1
DA:101,1
DA:102,1
DA:103,1
DA:104,1
DA:106,1
DA:107,1
DA:108,1
DA:109,1
DA:110,1
DA:111,1
DA:113,1
DA:114,1
DA:115,1
DA:116,1
DA:117,1
DA:119,1
DA:120,1
DA:121,1
DA:122,1
DA:124,1
DA:125,1
DA:126,1
DA:127,1
DA:129,1
DA:130,1
DA:131,1
DA:132,1
DA:133,1
DA:134,1
DA:135,1
DA:137,1
DA:138,1
DA:139,1
DA:140,1
DA:141,1
DA:142,1
DA:143,1
DA:145,1
DA:146,1
DA:147,1
DA:148,1
DA:149,1
DA:150,1
DA:151,1
DA:153,1
DA:154,1
DA:155,1
DA:156,1
DA:157,1
DA:159,1
DA:160,1
DA:161,1
DA:162,1
DA:163,1
DA:164,1
DA:165,1
DA:167,1
DA:168,1
DA:169,1
DA:170,1
DA:171,1
DA:172,1
DA:173,1
DA:174,1
DA:176,1
DA:177,1
DA:178,1
DA:179,1
DA:180,1
DA:181,1
DA:182,1
DA:183,1
DA:185,1
DA:186,1
DA:187,1
DA:188,1
DA:189,1
DA:190,1
DA:191,1
DA:193,1
DA:194,1
DA:195,1
DA:196,1
DA:197,1
DA:198,1
DA:199,1
DA:200,1
DA:201,1
DA:203,1
DA:204,1
DA:205,1
DA:206,1
DA:207,1
DA:208,1
DA:209,1
DA:210,1
DA:211,1
DA:212,1
DA:214,1
DA:215,1
DA:216,1
DA:217,1
DA:218,1
DA:219,1
DA:220,1
DA:221,1
DA:223,1
DA:224,1
DA:225,1
DA:226,1
DA:227,1
DA:228,1
DA:229,1
DA:230,1
DA:231,1
DA:233,1
DA:234,1
DA:235,1
DA:236,1
DA:237,1
DA:238,1
DA:240,1
DA:241,1
DA:242,1
DA:243,1
DA:244,1
DA:246,1
DA:247,1
DA:248,1
DA:249,1
DA:250,1
DA:251,1
DA:253,1
DA:254,1
DA:255,1
DA:256,1
DA:257,1
DA:258,1
DA:259,1
DA:260,1
DA:261,1
LF:227
LH:215
BRDA:8,0,0,18
BRDA:33,1,0,16
BRDA:34,2,0,18
BRDA:36,3,0,17
BRDA:37,4,0,12
BRDA:41,5,0,29
BRDA:55,6,0,1
BRDA:56,7,0,1
BRDA:57,8,0,1
BRDA:62,9,0,1
BRDA:67,10,0,1
BRDA:72,11,0,1
BRDA:77,12,0,1
BRDA:84,13,0,1
BRDA:85,14,0,1
BRDA:90,15,0,1
BRDA:96,16,0,1
BRDA:101,17,0,1
BRDA:106,18,0,1
BRDA:113,19,0,1
BRDA:114,20,0,1
BRDA:119,21,0,1
BRDA:124,22,0,1
BRDA:129,23,0,1
BRDA:137,24,0,1
BRDA:145,25,0,1
BRDA:153,26,0,1
BRDA:159,27,0,1
BRDA:167,28,0,1
BRDA:176,29,0,1
BRDA:177,30,0,1
BRDA:185,31,0,1
BRDA:193,32,0,1
BRDA:203,33,0,1
BRDA:214,34,0,1
BRDA:223,35,0,1
BRDA:233,36,0,1
BRDA:234,37,0,1
BRDA:240,38,0,1
BRDA:246,39,0,1
BRDA:253,40,0,1
BRDA:254,41,0,1
BRF:42
BRH:42
end_of_record
TN:
SF:src/composables/useBackend.ts
FN:1,(empty-report)
FNF:1
FNH:0
FNDA:0,(empty-report)
DA:1,0
DA:15,0
DA:17,0
DA:18,0
DA:19,0
DA:20,0
DA:22,0
DA:23,0
DA:24,0
DA:25,0
DA:26,0
DA:27,0
DA:28,0
DA:29,0
DA:30,0
DA:31,0
DA:32,0
DA:34,0
DA:35,0
DA:36,0
DA:37,0
DA:38,0
DA:39,0
DA:41,0
DA:42,0
DA:44,0
DA:45,0
DA:46,0
DA:48,0
DA:49,0
DA:50,0
DA:52,0
DA:53,0
DA:54,0
DA:56,0
DA:57,0
DA:58,0
DA:59,0
DA:64,0
DA:65,0
DA:66,0
DA:70,0
DA:71,0
DA:72,0
DA:73,0
DA:74,0
DA:75,0
DA:77,0
DA:78,0
DA:79,0
DA:80,0
DA:81,0
DA:82,0
DA:83,0
DA:84,0
DA:85,0
DA:86,0
DA:87,0
DA:89,0
DA:90,0
DA:91,0
DA:95,0
DA:96,0
DA:97,0
DA:98,0
DA:99,0
DA:100,0
DA:101,0
DA:103,0
DA:104,0
DA:105,0
DA:106,0
DA:107,0
DA:108,0
DA:109,0
DA:110,0
DA:111,0
DA:113,0
DA:114,0
DA:115,0
DA:116,0
DA:117,0
DA:118,0
DA:119,0
DA:120,0
DA:121,0
DA:127,0
DA:128,0
DA:129,0
DA:130,0
DA:131,0
DA:132,0
DA:133,0
DA:134,0
DA:135,0
DA:136,0
DA:137,0
DA:138,0
DA:140,0
DA:141,0
DA:142,0
DA:143,0
DA:144,0
DA:145,0
DA:146,0
DA:147,0
LF:106
LH:0
BRDA:1,0,0,0
BRF:1
BRH:0
end_of_record
TN:
SF:src/composables/useFilters.ts
FN:21,useFilters
FN:107,toggleFlag
FN:115,toggleValueType
FN:123,resetFilters
FNF:4
FNH:4
FNDA:41,useFilters
FNDA:6,toggleFlag
FNDA:4,toggleValueType
FNDA:5,resetFilters
DA:1,1
DA:21,1
DA:22,41
DA:23,41
DA:24,41
DA:25,41
DA:26,41
DA:27,41
DA:28,41
DA:29,41
DA:30,41
DA:31,41
DA:33,41
DA:34,41
DA:36,41
DA:37,29
DA:39,29
DA:40,160
DA:41,7
DA:42,7
DA:43,7
DA:44,7
DA:45,160
DA:46,160
DA:47,160
DA:48,160
DA:49,12
DA:50,12
DA:51,12
DA:52,147
DA:53,29
DA:55,29
DA:56,41
DA:58,41
DA:59,6
DA:61,6
DA:62,6
DA:63,2
DA:64,2
DA:66,4
DA:67,6
DA:68,6
DA:69,6
DA:70,6
DA:71,5
DA:72,5
DA:73,3
DA:74,6
DA:76,6
DA:77,4
DA:78,4
DA:79,4
DA:80,4
DA:81,4
DA:82,4
DA:83,6
DA:85,4
DA:86,41
DA:88,41
DA:89,3
DA:91,3
DA:92,41
DA:94,41
DA:95,5
DA:96,5
DA:97,5
DA:98,3
DA:99,3
DA:100,3
DA:101,5
DA:102,1
DA:103,1
DA:104,1
DA:105,41
DA:107,41
DA:108,6
DA:109,1
DA:110,6
DA:111,5
DA:112,5
DA:113,6
DA:115,41
DA:116,4
DA:117,1
DA:118,4
DA:119,3
DA:120,3
DA:121,4
DA:123,41
DA:124,5
DA:125,5
DA:126,5
DA:127,5
DA:128,5
DA:129,5
DA:131,41
DA:132,41
DA:133,41
DA:134,41
DA:135,41
DA:136,41
DA:137,41
DA:138,41
DA:139,41
DA:140,41
DA:141,41
DA:142,41
DA:143,41
DA:144,41
DA:145,41
DA:146,41
DA:147,41
LF:112
LH:112
BRDA:21,0,0,41
BRDA:33,1,0,30
BRDA:33,2,0,164
BRDA:34,3,0,1
BRDA:36,4,0,29
BRDA:39,5,0,160
BRDA:40,6,0,7
BRDA:41,7,0,1
BRDA:41,8,0,6
BRDA:42,9,0,3
BRDA:42,10,0,1
BRDA:42,11,0,5
BRDA:43,12,0,2
BRDA:43,13,0,0
BRDA:44,14,0,158
BRDA:45,15,0,2
BRDA:45,16,0,1
BRDA:45,17,0,157
BRDA:46,18,0,6
BRDA:46,19,0,3
BRDA:46,20,0,154
BRDA:47,21,0,1
BRDA:47,22,0,153
BRDA:48,23,0,12
BRDA:50,24,0,6
BRDA:51,25,0,147
BRDA:46,26,0,4
BRDA:55,27,0,119
BRDA:58,28,0,6
BRDA:62,29,0,2
BRDA:64,30,0,4
BRDA:76,31,0,3
BRDA:76,32,0,4
BRDA:83,33,0,4
BRDA:59,34,0,10
BRDA:70,35,0,5
BRDA:72,36,0,3
BRDA:79,37,0,3
BRDA:88,38,0,3
BRDA:94,39,0,5
BRDA:96,40,0,3
BRDA:96,41,0,2
BRDA:97,42,0,3
BRDA:99,43,0,2
BRDA:99,44,0,1
BRDA:100,45,0,2
BRDA:101,46,0,1
BRDA:98,47,0,5
BRDA:107,48,0,6
BRDA:108,49,0,1
BRDA:110,50,0,5
BRDA:115,51,0,4
BRDA:116,52,0,1
BRDA:118,53,0,3
BRDA:123,54,0,5
BRF:55
BRH:54
end_of_record
TN:
SF:src/composables/useFindingForm.ts
FN:5,useFindingForm
FN:14,openFindingForm
FN:25,cancelFinding
FN:31,resetFindingForm
FN:37,submitFinding
FNF:5
FNH:5
FNDA:62,useFindingForm
FNDA:28,openFindingForm
FNDA:3,cancelFinding
FNDA:3,resetFindingForm
FNDA:12,submitFinding
DA:1,1
DA:5,1
DA:6,62
DA:7,62
DA:8,62
DA:9,62
DA:10,62
DA:11,62
DA:12,62
DA:14,62
DA:15,28
DA:16,28
DA:17,28
DA:18,28
DA:19,28
DA:20,28
DA:21,28
DA:22,28
DA:23,28
DA:25,62
DA:26,3
DA:27,3
DA:28,3
DA:29,3
DA:31,62
DA:32,3
DA:33,3
DA:34,3
DA:35,3
DA:37,62
DA:38,12
DA:39,9
DA:40,9
DA:41,9
DA:42,9
DA:43,9
DA:44,12
DA:45,2
DA:46,2
DA:47,2
DA:48,7
DA:49,7
DA:50,7
DA:51,7
DA:52,12
DA:53,12
DA:54,5
DA:55,5
DA:56,1
DA:57,1
DA:58,5
DA:59,12
DA:60,2
DA:61,2
DA:62,12
DA:63,9
DA:64,9
DA:65,12
DA:67,62
DA:68,62
DA:69,62
DA:70,62
DA:71,62
DA:72,62
DA:73,62
DA:74,62
DA:75,62
DA:76,62
DA:77,62
DA:78,62
DA:79,62
LF:71
LH:71
BRDA:5,0,0,62
BRDA:14,1,0,28
BRDA:17,2,0,3
BRDA:17,3,0,25
BRDA:16,4,0,5
BRDA:25,5,0,3
BRDA:31,6,0,3
BRDA:37,7,0,12
BRDA:38,8,0,11
BRDA:38,9,0,10
BRDA:38,10,0,3
BRDA:38,11,0,9
BRDA:44,12,0,8
BRDA:44,13,0,2
BRDA:47,14,0,7
BRDA:53,15,0,5
BRDA:59,16,0,2
BRDA:62,17,0,7
BRDA:62,18,0,9
BRDA:55,19,0,1
BRF:20
BRH:20
end_of_record
TN:
SF:src/composables/useHelp.ts
FN:4,useHelp
FN:8,openHelp
FN:13,closeHelp
FN:17,helpNext
FN:21,helpPrev
FNF:5
FNH:5
FNDA:12,useHelp
FNDA:12,openHelp
FNDA:2,closeHelp
FNDA:24,helpNext
FNDA:8,helpPrev
DA:1,1
DA:4,1
DA:5,12
DA:6,12
DA:8,12
DA:9,12
DA:10,12
DA:11,12
DA:13,12
DA:14,2
DA:15,2
DA:17,12
DA:18,24
DA:19,24
DA:21,12
DA:22,8
DA:23,8
DA:25,12
DA:26,12
LF:19
LH:19
BRDA:4,0,0,12
BRDA:8,1,0,12
BRDA:13,2,0,2
BRDA:17,3,0,24
BRDA:18,4,0,17
BRDA:21,5,0,8
BRDA:22,6,0,6
BRF:7
BRH:7
end_of_record
TN:
SF:src/composables/useInventory.ts
FN:22,updateDomainIndex
FN:43,removeDomainIndex
FN:69,useInventory
FN:70,updateParameters
FN:85,upsertParameters
FN:102,updateDomains
FN:106,updateStats
FN:113,clearInventory
FN:128,setLoading
FNF:9
FNH:9
FNDA:26,updateDomainIndex
FNDA:1,removeDomainIndex
FNDA:21,useInventory
FNDA:13,updateParameters
FNDA:6,upsertParameters
FNDA:3,updateDomains
FNDA:2,updateStats
FNDA:4,clearInventory
FNDA:3,setLoading
DA:1,1
DA:5,1
DA:6,1
DA:9,1
DA:10,1
DA:11,1
DA:12,1
DA:13,1
DA:14,1
DA:15,1
DA:16,1
DA:17,1
DA:18,1
DA:19,1
DA:20,1
DA:22,26
DA:23,26
DA:24,20
DA:25,20
DA:26,26
DA:27,26
DA:29,26
DA:30,23
DA:31,23
DA:33,26
DA:34,26
DA:36,26
DA:37,0
DA:38,26
DA:39,26
DA:40,26
DA:41,26
DA:43,1
DA:44,1
DA:46,1
DA:47,1
DA:49,1
DA:51,1
DA:52,1
DA:54,1
DA:55,1
DA:58,1
DA:59,1
DA:62,1
DA:63,1
DA:64,1
DA:65,1
DA:66,1
DA:67,1
DA:69,1
DA:70,21
DA:72,13
DA:73,13
DA:76,13
DA:77,20
DA:78,20
DA:79,20
DA:82,13
DA:83,13
DA:85,21
DA:86,6
DA:88,6
DA:89,6
DA:90,1
DA:91,1
DA:94,6
DA:95,6
DA:96,6
DA:99,6
DA:100,6
DA:102,21
DA:103,3
DA:104,3
DA:106,21
DA:107,2
DA:108,2
DA:113,21
DA:114,4
DA:115,4
DA:116,4
DA:117,4
DA:119,4
DA:120,4
DA:121,4
DA:122,4
DA:123,4
DA:124,4
DA:125,4
DA:126,4
DA:128,21
DA:129,3
DA:130,3
DA:135,21
DA:136,9
DA:138,9
DA:146,9
DA:148,9
DA:149,9
DA:150,15
DA:151,15
DA:152,11
DA:153,11
DA:154,11
DA:155,15
DA:156,15
DA:157,15
DA:158,14
DA:159,14
DA:160,14
DA:161,15
DA:162,15
DA:164,9
DA:165,11
DA:166,14
DA:167,14
DA:168,14
DA:169,14
DA:170,14
DA:171,14
DA:172,11
DA:174,11
DA:175,11
DA:176,11
DA:177,11
DA:178,11
DA:179,11
DA:181,9
DA:182,21
DA:184,21
DA:185,21
DA:186,21
DA:187,21
DA:188,21
DA:189,21
DA:190,21
DA:191,21
DA:192,21
DA:193,21
DA:194,21
DA:195,21
DA:196,21
DA:197,21
LF:142
LH:141
BRDA:22,0,0,26
BRDA:23,1,0,20
BRDA:29,2,0,23
BRDA:36,3,0,0
BRDA:34,4,0,3
BRDA:43,5,0,1
BRDA:44,6,0,0
BRDA:49,7,0,0
BRDA:52,8,0,1
BRDA:69,9,0,21
BRDA:70,10,0,13
BRDA:76,11,0,20
BRDA:85,12,0,6
BRDA:89,13,0,1
BRDA:102,14,0,3
BRDA:106,15,0,2
BRDA:113,16,0,4
BRDA:128,17,0,3
BRDA:135,18,0,9
BRDA:149,19,0,15
BRDA:151,20,0,11
BRDA:157,21,0,14
BRDA:164,22,0,11
BRDA:165,23,0,14
BRDA:172,24,0,3
BRDA:176,25,0,14
BRDA:181,26,0,5
BRDA:185,27,0,7
BRDA:186,28,0,2
BRDA:188,29,0,2
BRF:30
BRH:27
end_of_record
TN:
SF:src/composables/useKeyboardShortcuts.ts
FN:1,(empty-report)
FNF:1
FNH:0
FNDA:0,(empty-report)
DA:1,0
DA:12,0
DA:13,0
DA:15,0
DA:16,0
DA:17,0
DA:18,0
DA:19,0
DA:20,0
DA:21,0
DA:22,0
DA:23,0
DA:24,0
DA:25,0
DA:26,0
DA:27,0
DA:28,0
DA:29,0
DA:30,0
DA:31,0
DA:32,0
DA:33,0
DA:34,0
DA:35,0
DA:36,0
DA:37,0
DA:39,0
DA:40,0
DA:41,0
DA:43,0
DA:44,0
DA:45,0
DA:46,0
LF:33
LH:0
BRDA:1,0,0,0
BRF:1
BRH:0
end_of_record
TN:
SF:src/composables/useProject.ts
FN:1,(empty-report)
FNF:1
FNH:0
FNDA:0,(empty-report)
DA:1,0
DA:13,0
DA:15,0
DA:16,0
DA:18,0
DA:19,0
DA:20,0
DA:24,0
DA:25,0
DA:26,0
DA:30,0
DA:31,0
DA:32,0
DA:34,0
DA:35,0
DA:36,0
DA:37,0
DA:38,0
DA:39,0
DA:40,0
DA:41,0
DA:42,0
DA:43,0
DA:48,0
DA:49,0
DA:50,0
DA:51,0
DA:52,0
DA:53,0
DA:54,0
DA:55,0
DA:56,0
DA:60,0
DA:63,0
DA:65,0
DA:67,0
DA:68,0
DA:69,0
DA:70,0
DA:71,0
DA:72,0
DA:73,0
DA:74,0
DA:78,0
DA:79,0
DA:80,0
DA:81,0
DA:83,0
DA:84,0
DA:85,0
DA:86,0
DA:87,0
DA:89,0
DA:90,0
DA:91,0
DA:92,0
DA:93,0
DA:94,0
DA:95,0
LF:59
LH:0
BRDA:1,0,0,0
BRF:1
BRH:0
end_of_record
TN:
SF:src/composables/useScope.ts
FN:21,readCurrentScope
FN:31,useScope
FN:36,refresh
FN:49,init
FN:111,normalizeHost
FN:130,patternToRegex
FN:150,isHostInScope
FN:181,explain
FN:232,cleanup
FN:240,getCurrentScope
FNF:10
FNH:6
FNDA:0,readCurrentScope
FNDA:17,useScope
FNDA:0,refresh
FNDA:0,init
FNDA:36,normalizeHost
FNDA:18,patternToRegex
FNDA:16,isHostInScope
FNDA:4,explain
FNDA:0,cleanup
FNDA:2,getCurrentScope
DA:1,1
DA:13,1
DA:15,1
DA:16,1
DA:17,1
DA:21,0
DA:22,0
DA:23,0
DA:24,0
DA:25,0
DA:26,0
DA:27,0
DA:28,0
DA:29,0
DA:31,1
DA:36,17
DA:37,0
DA:38,0
DA:39,0
DA:43,0
DA:44,0
DA:45,0
DA:46,0
DA:47,0
DA:49,17
DA:50,0
DA:52,0
DA:53,0
DA:54,0
DA:55,0
DA:56,0
DA:60,0
DA:61,0
DA:62,0
DA:68,0
DA:69,0
DA:70,0
DA:72,0
DA:73,0
DA:74,0
DA:75,0
DA:76,0
DA:77,0
DA:78,0
DA:79,0
DA:86,0
DA:87,0
DA:88,0
DA:93,0
DA:94,0
DA:95,0
DA:96,0
DA:97,0
DA:99,0
DA:100,0
DA:101,0
DA:102,0
DA:103,0
DA:104,0
DA:107,0
DA:108,0
DA:111,17
DA:112,36
DA:115,36
DA:118,36
DA:121,36
DA:124,36
DA:126,36
DA:127,36
DA:130,17
DA:132,18
DA:136,18
DA:137,18
DA:138,18
DA:140,18
DA:143,18
DA:144,18
DA:145,18
DA:147,18
DA:148,18
DA:150,17
DA:151,16
DA:153,16
DA:155,14
DA:156,14
DA:159,16
DA:160,6
DA:161,3
DA:162,3
DA:163,6
DA:166,16
DA:167,1
DA:168,1
DA:171,10
DA:172,10
DA:173,8
DA:174,8
DA:175,10
DA:177,2
DA:178,16
DA:181,17
DA:182,4
DA:183,4
DA:185,4
DA:186,1
DA:187,1
DA:188,1
DA:189,1
DA:190,1
DA:192,3
DA:195,4
DA:196,1
DA:197,1
DA:198,1
DA:199,1
DA:200,1
DA:201,1
DA:202,1
DA:203,1
DA:206,4
DA:207,1
DA:208,1
DA:209,1
DA:210,1
DA:211,1
DA:212,1
DA:215,1
DA:216,1
DA:217,1
DA:218,1
DA:219,1
DA:220,1
DA:221,1
DA:222,1
DA:223,1
DA:225,0
DA:226,0
DA:227,0
DA:228,0
DA:229,0
DA:230,4
DA:232,17
DA:233,0
DA:234,0
DA:235,0
DA:236,0
DA:237,0
DA:238,0
DA:240,17
DA:241,2
DA:242,2
DA:244,17
DA:245,17
DA:246,17
DA:247,17
DA:248,17
DA:249,17
DA:250,17
DA:251,17
DA:252,17
DA:253,17
LF:161
LH:97
BRDA:31,0,0,17
BRDA:111,1,0,36
BRDA:130,2,0,18
BRDA:150,3,0,16
BRDA:153,4,0,2
BRDA:153,5,0,14
BRDA:159,6,0,6
BRDA:160,7,0,3
BRDA:163,8,0,11
BRDA:166,9,0,1
BRDA:168,10,0,10
BRDA:172,11,0,8
BRDA:175,12,0,2
BRDA:181,13,0,4
BRDA:185,14,0,1
BRDA:190,15,0,3
BRDA:195,16,0,1
BRDA:203,17,0,2
BRDA:206,18,0,1
BRDA:223,19,0,0
BRDA:240,20,0,2
BRF:21
BRH:20
end_of_record
TN:
SF:src/composables/useSelection.ts
FN:15,useSelection
FN:20,selectScope
FN:24,isDomainSelected
FN:28,isEndpointSelected
FN:37,toggleDomain
FN:46,collapseAll
FN:50,expandAll
FN:55,openDrawer
FN:62,closeDrawer
FNF:9
FNH:9
FNDA:28,useSelection
FNDA:18,selectScope
FNDA:4,isDomainSelected
FNDA:4,isEndpointSelected
FNDA:8,toggleDomain
FNDA:1,collapseAll
FNDA:3,expandAll
FNDA:7,openDrawer
FNDA:3,closeDrawer
DA:1,1
DA:15,1
DA:16,28
DA:17,28
DA:18,28
DA:20,28
DA:21,18
DA:22,18
DA:24,28
DA:25,4
DA:26,4
DA:28,28
DA:29,4
DA:30,4
DA:31,3
DA:32,3
DA:33,2
DA:35,4
DA:37,28
DA:38,8
DA:39,1
DA:40,8
DA:41,7
DA:42,7
DA:43,8
DA:44,8
DA:46,28
DA:47,1
DA:48,1
DA:50,28
DA:51,3
DA:52,3
DA:53,3
DA:55,28
DA:56,7
DA:57,6
DA:58,6
DA:59,7
DA:60,7
DA:62,28
DA:63,3
DA:64,3
DA:65,3
DA:67,28
DA:68,28
DA:69,28
DA:70,28
DA:71,28
DA:72,28
DA:73,28
DA:74,28
DA:75,28
DA:76,28
DA:77,28
DA:78,28
DA:79,28
DA:80,28
LF:57
LH:57
BRDA:15,0,0,28
BRDA:20,1,0,18
BRDA:24,2,0,4
BRDA:25,3,0,3
BRDA:25,4,0,2
BRDA:28,5,0,4
BRDA:30,6,0,3
BRDA:31,7,0,3
BRDA:32,8,0,2
BRDA:37,9,0,8
BRDA:38,10,0,1
BRDA:40,11,0,7
BRDA:46,12,0,1
BRDA:50,13,0,3
BRDA:51,14,0,2
BRDA:51,15,0,1
BRDA:52,16,0,2
BRDA:55,17,0,7
BRDA:56,18,0,2
BRDA:56,19,0,6
BRDA:57,20,0,4
BRDA:57,21,0,3
BRDA:62,22,0,3
BRDA:64,23,0,1
BRF:24
BRH:24
end_of_record
TN:
SF:src/composables/__tests__/useFilters.test.ts
FN:14,makeParam
FN:39,makeFilters
FN:43,inScope
FN:378,makeTree
FNF:4
FNH:4
FNDA:165,makeParam
FNDA:41,makeFilters
FNDA:166,inScope
FNDA:6,makeTree
DA:1,1
DA:2,1
DA:4,1
DA:5,1
DA:12,1
DA:14,165
DA:15,165
DA:16,165
DA:17,165
DA:18,165
DA:19,165
DA:20,165
DA:21,165
DA:22,165
DA:23,165
DA:24,165
DA:25,165
DA:26,165
DA:27,165
DA:28,165
DA:29,165
DA:30,165
DA:39,41
DA:40,41
DA:41,41
DA:42,41
DA:43,41
DA:44,41
DA:45,41
DA:46,41
DA:47,41
DA:49,41
DA:50,41
DA:51,41
DA:57,1
DA:58,1
DA:60,1
DA:61,1
DA:62,1
DA:64,1
DA:65,1
DA:66,1
DA:68,1
DA:69,1
DA:70,1
DA:71,1
DA:72,1
DA:73,1
DA:74,1
DA:75,1
DA:76,1
DA:77,1
DA:79,1
DA:80,1
DA:81,1
DA:82,1
DA:83,1
DA:84,1
DA:85,1
DA:86,1
DA:87,1
DA:88,1
DA:90,1
DA:91,1
DA:92,1
DA:93,1
DA:94,1
DA:95,1
DA:96,1
DA:97,1
DA:98,1
DA:104,1
DA:105,1
DA:107,1
DA:108,1
DA:109,1
DA:110,1
DA:111,1
DA:112,1
DA:113,1
DA:114,1
DA:116,1
DA:117,1
DA:118,1
DA:119,1
DA:120,1
DA:121,1
DA:122,1
DA:123,1
DA:124,1
DA:125,1
DA:126,1
DA:132,1
DA:133,1
DA:135,1
DA:136,1
DA:137,1
DA:138,1
DA:139,1
DA:141,1
DA:142,1
DA:143,1
DA:144,1
DA:145,1
DA:146,1
DA:147,1
DA:148,1
DA:149,1
DA:150,1
DA:151,1
DA:153,1
DA:154,1
DA:155,1
DA:156,1
DA:157,1
DA:158,1
DA:159,1
DA:160,1
DA:161,1
DA:162,1
DA:163,1
DA:165,1
DA:166,1
DA:167,1
DA:168,1
DA:169,1
DA:170,1
DA:171,1
DA:172,1
DA:178,1
DA:179,1
DA:181,1
DA:182,1
DA:183,1
DA:184,1
DA:185,1
DA:187,1
DA:188,1
DA:189,1
DA:190,1
DA:191,1
DA:192,1
DA:193,1
DA:194,1
DA:195,1
DA:196,1
DA:198,1
DA:199,1
DA:200,1
DA:201,1
DA:202,1
DA:203,1
DA:204,1
DA:205,1
DA:211,1
DA:212,1
DA:214,1
DA:215,1
DA:216,1
DA:217,1
DA:218,1
DA:220,1
DA:221,1
DA:222,1
DA:223,1
DA:224,1
DA:225,1
DA:226,1
DA:228,1
DA:229,1
DA:230,1
DA:231,1
DA:232,1
DA:233,1
DA:234,1
DA:235,1
DA:236,1
DA:238,1
DA:239,1
DA:240,1
DA:241,1
DA:242,1
DA:243,1
DA:245,1
DA:246,1
DA:247,1
DA:248,1
DA:249,1
DA:250,1
DA:252,1
DA:253,1
DA:254,1
DA:255,1
DA:256,1
DA:257,1
DA:259,1
DA:260,1
DA:261,1
DA:262,1
DA:263,1
DA:264,1
DA:265,1
DA:271,1
DA:272,1
DA:274,1
DA:275,1
DA:276,1
DA:277,1
DA:278,1
DA:279,1
DA:280,1
DA:281,1
DA:282,1
DA:283,1
DA:289,1
DA:290,1
DA:292,1
DA:293,1
DA:294,1
DA:295,1
DA:296,1
DA:297,1
DA:298,1
DA:299,1
DA:300,1
DA:301,1
DA:302,1
DA:304,1
DA:305,1
DA:306,1
DA:307,1
DA:308,1
DA:310,1
DA:311,1
DA:312,1
DA:313,1
DA:314,1
DA:315,1
DA:317,1
DA:318,1
DA:319,1
DA:320,1
DA:321,1
DA:322,1
DA:324,1
DA:325,1
DA:326,1
DA:327,1
DA:328,1
DA:329,1
DA:330,1
DA:336,1
DA:337,1
DA:339,1
DA:340,1
DA:341,1
DA:342,1
DA:344,1
DA:346,1
DA:347,1
DA:348,1
DA:349,1
DA:350,1
DA:351,1
DA:352,1
DA:358,1
DA:359,1
DA:361,1
DA:362,1
DA:363,1
DA:364,1
DA:365,1
DA:366,1
DA:367,1
DA:368,1
DA:369,1
DA:375,1
DA:376,1
DA:378,1
DA:379,6
DA:380,10
DA:381,10
DA:382,10
DA:383,6
DA:384,6
DA:386,1
DA:387,1
DA:388,1
DA:389,1
DA:390,1
DA:392,1
DA:393,1
DA:394,1
DA:395,1
DA:396,1
DA:398,1
DA:399,1
DA:400,1
DA:401,1
DA:402,1
DA:403,1
DA:405,1
DA:406,1
DA:407,1
DA:408,1
DA:409,1
DA:410,1
DA:411,1
DA:412,1
DA:413,1
DA:414,1
DA:415,1
DA:416,1
DA:417,1
DA:418,1
DA:419,1
DA:421,1
DA:422,1
DA:423,1
DA:424,1
DA:425,1
DA:426,1
DA:427,1
DA:428,1
DA:429,1
DA:430,1
DA:431,1
DA:433,1
DA:434,1
DA:435,1
DA:436,1
DA:437,1
DA:438,1
DA:439,1
DA:440,1
DA:441,1
DA:442,1
DA:443,1
DA:444,1
DA:445,1
DA:446,1
DA:447,1
DA:448,1
DA:449,1
DA:455,1
DA:456,1
DA:458,1
DA:459,1
DA:460,1
DA:461,1
DA:462,1
DA:463,1
DA:465,1
DA:466,1
DA:467,1
DA:468,1
DA:469,1
DA:470,1
DA:472,1
DA:473,1
DA:474,1
DA:475,1
DA:476,1
DA:477,1
DA:479,1
DA:480,1
DA:481,1
DA:482,1
DA:483,1
DA:484,1
DA:486,1
DA:487,1
DA:488,1
DA:489,1
DA:490,1
DA:491,1
DA:492,1
LF:377
LH:377
BRDA:14,0,0,165
BRDA:39,1,0,41
BRDA:43,2,0,166
BRDA:45,3,0,30
BRDA:46,4,0,6
BRDA:57,5,0,1
BRDA:58,6,0,4
BRDA:60,7,0,1
BRDA:62,8,0,2
BRDA:64,9,0,1
BRDA:68,10,0,1
BRDA:75,11,0,1
BRDA:76,12,0,1
BRDA:79,13,0,1
BRDA:90,14,0,1
BRDA:95,15,0,2
BRDA:96,16,0,1
BRDA:104,17,0,1
BRDA:105,18,0,2
BRDA:107,19,0,1
BRDA:116,20,0,1
BRDA:132,21,0,1
BRDA:133,22,0,4
BRDA:135,23,0,1
BRDA:141,24,0,1
BRDA:153,25,0,1
BRDA:165,26,0,1
BRDA:178,27,0,1
BRDA:179,28,0,3
BRDA:181,29,0,1
BRDA:187,30,0,1
BRDA:198,31,0,1
BRDA:211,32,0,1
BRDA:212,33,0,7
BRDA:214,34,0,1
BRDA:220,35,0,1
BRDA:228,36,0,1
BRDA:238,37,0,1
BRDA:245,38,0,1
BRDA:252,39,0,1
BRDA:259,40,0,1
BRDA:271,41,0,1
BRDA:272,42,0,1
BRDA:274,43,0,1
BRDA:289,44,0,1
BRDA:290,45,0,5
BRDA:292,46,0,1
BRDA:304,47,0,1
BRDA:310,48,0,1
BRDA:317,49,0,1
BRDA:324,50,0,1
BRDA:336,51,0,1
BRDA:337,52,0,2
BRDA:339,53,0,1
BRDA:344,54,0,1
BRDA:346,55,0,10
BRDA:347,56,0,100
BRDA:358,57,0,1
BRDA:359,58,0,1
BRDA:361,59,0,1
BRDA:366,60,0,2
BRDA:375,61,0,1
BRDA:376,62,0,6
BRDA:378,63,0,6
BRDA:379,64,0,10
BRDA:381,65,0,6
BRDA:382,66,0,6
BRDA:381,67,0,5
BRDA:386,68,0,1
BRDA:388,69,0,2
BRDA:389,70,0,1
BRDA:392,71,0,1
BRDA:398,72,0,1
BRDA:402,73,0,1
BRDA:405,74,0,1
BRDA:418,75,0,1
BRDA:421,76,0,1
BRDA:433,77,0,1
BRDA:446,78,0,1
BRDA:455,79,0,1
BRDA:456,80,0,5
BRDA:458,81,0,1
BRDA:465,82,0,1
BRDA:472,83,0,1
BRDA:479,84,0,1
BRDA:486,85,0,1
BRF:86
BRH:86
end_of_record
TN:
SF:src/composables/__tests__/useFindingForm.test.ts
FN:6,makeParam
FN:23,makeCaido
FNF:2
FNH:2
FNDA:21,makeParam
FNDA:10,makeCaido
DA:1,1
DA:3,1
DA:4,1
DA:6,21
DA:7,21
DA:8,21
DA:9,21
DA:10,21
DA:11,21
DA:12,21
DA:13,21
DA:14,21
DA:15,21
DA:16,21
DA:17,21
DA:18,21
DA:19,21
DA:20,21
DA:21,21
DA:23,10
DA:24,10
DA:25,10
DA:26,10
DA:27,10
DA:28,10
DA:29,10
DA:30,10
DA:31,10
DA:32,10
DA:33,10
DA:34,10
DA:35,10
DA:37,1
DA:38,1
DA:39,1
DA:40,1
DA:41,1
DA:42,1
DA:44,1
DA:45,1
DA:46,1
DA:47,1
DA:49,1
DA:50,1
DA:51,1
DA:52,1
DA:54,1
DA:55,1
DA:56,1
DA:57,1
DA:59,1
DA:60,1
DA:61,1
DA:62,1
DA:64,1
DA:65,1
DA:66,1
DA:67,1
DA:68,1
DA:70,1
DA:71,1
DA:72,1
DA:73,1
DA:74,1
DA:75,1
DA:77,1
DA:78,1
DA:79,1
DA:80,1
DA:81,1
DA:82,1
DA:84,1
DA:85,1
DA:86,1
DA:87,1
DA:88,1
DA:89,1
DA:91,1
DA:92,1
DA:93,1
DA:94,1
DA:95,1
DA:96,1
DA:98,1
DA:99,1
DA:100,1
DA:101,1
DA:102,1
DA:103,1
DA:105,1
DA:106,1
DA:107,1
DA:108,1
DA:109,1
DA:110,1
DA:111,1
DA:112,1
DA:113,1
DA:114,1
DA:115,1
DA:117,1
DA:118,1
DA:119,1
DA:120,1
DA:121,1
DA:122,1
DA:123,1
DA:125,1
DA:126,1
DA:127,1
DA:128,1
DA:129,1
DA:130,1
DA:131,1
DA:132,1
DA:133,1
DA:134,1
DA:136,1
DA:137,1
DA:138,1
DA:139,1
DA:140,1
DA:141,1
DA:142,1
DA:144,1
DA:145,1
DA:146,1
DA:147,1
DA:148,1
DA:149,1
DA:150,1
DA:151,1
DA:152,1
DA:153,1
DA:155,1
DA:156,1
DA:157,1
DA:158,1
DA:159,1
DA:160,1
DA:161,1
DA:163,1
DA:164,1
DA:165,1
DA:166,1
DA:167,1
DA:168,1
DA:169,1
DA:170,1
DA:171,1
DA:173,1
DA:174,1
DA:175,1
DA:176,1
DA:177,1
DA:178,1
DA:179,1
DA:180,1
DA:181,1
DA:183,1
DA:184,1
DA:185,1
DA:186,1
DA:187,1
DA:188,1
DA:189,1
DA:190,1
DA:191,1
DA:193,1
DA:194,1
DA:195,1
DA:196,1
DA:197,1
DA:198,1
DA:199,1
DA:200,1
DA:201,1
DA:202,1
DA:203,1
DA:204,1
DA:205,1
DA:206,1
DA:208,1
DA:209,1
DA:210,1
DA:211,1
DA:212,1
DA:213,1
DA:214,1
DA:216,1
DA:217,1
DA:218,1
DA:219,1
DA:220,1
DA:221,1
DA:222,1
DA:223,1
DA:224,1
DA:225,1
DA:226,1
DA:228,1
DA:229,1
DA:230,1
DA:231,1
DA:232,1
DA:233,1
DA:234,1
DA:235,1
DA:236,1
DA:238,1
DA:239,1
DA:240,1
DA:241,1
DA:242,1
DA:243,1
DA:244,1
DA:246,1
DA:247,1
DA:248,1
DA:249,1
DA:250,1
DA:251,1
DA:252,1
DA:253,1
DA:254,1
DA:256,1
DA:257,1
DA:258,1
DA:259,1
DA:260,1
DA:261,1
DA:262,1
DA:263,1
DA:264,1
DA:265,1
DA:266,1
DA:268,1
DA:269,1
DA:270,1
DA:271,1
DA:272,1
DA:273,1
DA:274,1
LF:243
LH:243
BRDA:6,0,0,21
BRDA:23,1,0,10
BRDA:37,2,0,1
BRDA:38,3,0,1
BRDA:39,4,0,1
BRDA:44,5,0,1
BRDA:49,6,0,1
BRDA:54,7,0,1
BRDA:59,8,0,1
BRDA:64,9,0,1
BRDA:70,10,0,1
BRDA:71,11,0,1
BRDA:77,12,0,1
BRDA:84,13,0,1
BRDA:91,14,0,1
BRDA:98,15,0,1
BRDA:105,16,0,1
BRDA:117,17,0,1
BRDA:118,18,0,1
BRDA:125,19,0,1
BRDA:136,20,0,1
BRDA:137,21,0,1
BRDA:144,22,0,1
BRDA:155,23,0,1
BRDA:156,24,0,1
BRDA:163,25,0,1
BRDA:173,26,0,1
BRDA:183,27,0,1
BRDA:193,28,0,1
BRDA:208,29,0,1
BRDA:216,30,0,1
BRDA:228,31,0,1
BRDA:238,32,0,1
BRDA:246,33,0,1
BRDA:256,34,0,1
BRDA:258,35,0,1
BRDA:261,36,0,1
BRDA:261,37,0,1
BRF:38
BRH:38
end_of_record
TN:
SF:src/composables/__tests__/useHelp.test.ts
FNF:0
FNH:0
DA:1,1
DA:2,1
DA:3,1
DA:5,1
DA:6,1
DA:7,1
DA:8,1
DA:9,1
DA:10,1
DA:12,1
DA:13,1
DA:14,1
DA:15,1
DA:16,1
DA:17,1
DA:19,1
DA:20,1
DA:21,1
DA:22,1
DA:23,1
DA:24,1
DA:25,1
DA:26,1
DA:27,1
DA:29,1
DA:30,1
DA:31,1
DA:32,1
DA:33,1
DA:34,1
DA:35,1
DA:37,1
DA:38,1
DA:39,1
DA:40,1
DA:41,1
DA:42,1
DA:43,1
DA:44,1
DA:46,1
DA:47,1
DA:48,1
DA:49,1
DA:50,1
DA:51,1
DA:52,1
DA:54,1
DA:55,1
DA:56,1
DA:57,1
DA:58,1
DA:59,1
DA:60,1
DA:62,1
DA:63,1
DA:64,1
DA:65,1
DA:66,1
DA:67,1
DA:68,1
DA:69,1
DA:71,1
DA:72,1
DA:73,1
DA:74,1
DA:75,1
DA:76,1
DA:77,1
DA:78,1
DA:80,1
DA:81,1
DA:82,1
DA:83,1
DA:84,1
DA:85,1
DA:86,1
DA:87,1
DA:89,1
DA:90,1
DA:91,1
DA:92,1
DA:93,1
DA:94,1
DA:95,1
DA:96,1
DA:98,1
DA:99,1
DA:100,1
DA:101,1
DA:102,1
DA:103,1
DA:104,1
DA:105,1
DA:106,1
DA:107,1
LF:95
LH:95
BRDA:5,0,0,1
BRDA:6,1,0,1
BRDA:12,2,0,1
BRDA:13,3,0,1
BRDA:19,4,0,1
BRDA:29,5,0,1
BRDA:30,6,0,1
BRDA:37,7,0,1
BRDA:46,8,0,1
BRDA:47,9,0,1
BRDA:54,10,0,1
BRDA:58,11,0,9
BRDA:62,12,0,1
BRDA:65,13,0,5
BRDA:71,14,0,1
BRDA:72,15,0,1
BRDA:80,16,0,1
BRDA:89,17,0,1
BRDA:90,18,0,1
BRDA:98,19,0,1
BRDA:101,20,0,4
BRDA:103,21,0,4
BRF:22
BRH:22
end_of_record
TN:
SF:src/composables/__tests__/useInventory.test.ts
FN:8,makeParam
FN:25,freshInventory
FNF:2
FNH:2
FNDA:26,makeParam
FNDA:21,freshInventory
DA:1,1
DA:3,1
DA:8,26
DA:9,26
DA:10,26
DA:11,26
DA:12,26
DA:13,26
DA:14,26
DA:15,26
DA:16,26
DA:17,26
DA:18,26
DA:19,26
DA:20,26
DA:21,26
DA:22,26
DA:23,26
DA:25,21
DA:26,21
DA:27,21
DA:28,21
DA:29,21
DA:31,1
DA:32,1
DA:33,1
DA:34,1
DA:35,1
DA:36,1
DA:37,1
DA:38,1
DA:39,1
DA:40,1
DA:42,1
DA:43,1
DA:44,1
DA:45,1
DA:46,1
DA:47,1
DA:49,1
DA:50,1
DA:51,1
DA:52,1
DA:53,1
DA:54,1
DA:56,1
DA:57,1
DA:58,1
DA:59,1
DA:60,1
DA:61,1
DA:62,1
DA:63,1
DA:64,1
DA:66,1
DA:67,1
DA:68,1
DA:69,1
DA:70,1
DA:71,1
DA:72,1
DA:73,1
DA:75,1
DA:76,1
DA:77,1
DA:78,1
DA:79,1
DA:80,1
DA:82,1
DA:83,1
DA:84,1
DA:85,1
DA:86,1
DA:87,1
DA:88,1
DA:90,1
DA:91,1
DA:92,1
DA:93,1
DA:94,1
DA:95,1
DA:97,1
DA:98,1
DA:99,1
DA:100,1
DA:101,1
DA:102,1
DA:103,1
DA:104,1
DA:105,1
DA:107,1
DA:108,1
DA:109,1
DA:110,1
DA:111,1
DA:112,1
DA:113,1
DA:114,1
DA:115,1
DA:116,1
DA:117,1
DA:119,1
DA:120,1
DA:121,1
DA:122,1
DA:123,1
DA:124,1
DA:125,1
DA:126,1
DA:127,1
DA:129,1
DA:130,1
DA:131,1
DA:132,1
DA:133,1
DA:134,1
DA:136,1
DA:137,1
DA:138,1
DA:139,1
DA:140,1
DA:141,1
DA:142,1
DA:144,1
DA:145,1
DA:146,1
DA:147,1
DA:148,1
DA:150,1
DA:151,1
DA:152,1
DA:153,1
DA:154,1
DA:155,1
DA:156,1
DA:157,1
DA:158,1
DA:160,1
DA:161,1
DA:162,1
DA:163,1
DA:164,1
DA:165,1
DA:166,1
DA:167,1
DA:168,1
DA:170,1
DA:171,1
DA:172,1
DA:173,1
DA:174,1
DA:175,1
DA:176,1
DA:177,1
DA:178,1
DA:179,1
DA:181,1
DA:182,1
DA:183,1
DA:184,1
DA:185,1
DA:186,1
DA:187,1
DA:188,1
DA:189,1
DA:190,1
DA:192,1
DA:193,1
DA:194,1
DA:195,1
DA:196,1
DA:197,1
DA:198,1
DA:199,1
DA:200,1
DA:201,1
DA:203,1
DA:204,1
DA:205,1
DA:206,1
DA:207,1
DA:208,1
DA:209,1
DA:211,1
DA:212,1
DA:213,1
DA:214,1
DA:215,1
DA:216,1
DA:217,1
LF:190
LH:190
BRDA:8,0,0,26
BRDA:25,1,0,21
BRDA:31,2,0,1
BRDA:32,3,0,1
BRDA:36,4,0,2
BRDA:42,5,0,1
BRDA:49,6,0,1
BRDA:56,7,0,1
BRDA:57,8,0,1
BRDA:61,9,0,2
BRDA:66,10,0,1
BRDA:70,11,0,1
BRDA:75,12,0,1
BRDA:82,13,0,1
BRDA:83,14,0,1
BRDA:90,15,0,1
BRDA:97,16,0,1
BRDA:107,17,0,1
BRDA:108,18,0,1
BRDA:112,19,0,2
BRDA:119,20,0,1
BRDA:120,21,0,1
BRDA:129,22,0,1
BRDA:130,23,0,1
BRDA:136,24,0,1
BRDA:144,25,0,1
BRDA:145,26,0,1
BRDA:150,27,0,1
BRDA:156,28,0,2
BRDA:160,29,0,1
BRDA:166,30,0,1
BRDA:170,31,0,1
BRDA:177,32,0,1
BRDA:181,33,0,1
BRDA:188,34,0,3
BRDA:192,35,0,1
BRDA:198,36,0,1
BRDA:203,37,0,1
BRDA:211,38,0,1
BRF:39
BRH:39
end_of_record
TN:
SF:src/composables/__tests__/useScope.test.ts
FN:9,freshScope
FN:145,freshScope
FN:190,freshScope
FNF:3
FNH:3
FNDA:11,freshScope
FNDA:4,freshScope
FNDA:2,freshScope
DA:1,1
DA:5,1
DA:9,1
DA:10,11
DA:11,11
DA:12,11
DA:13,11
DA:15,1
DA:16,1
DA:17,1
DA:18,1
DA:19,1
DA:21,1
DA:22,1
DA:23,1
DA:24,1
DA:25,1
DA:26,1
DA:27,1
DA:28,1
DA:29,1
DA:30,1
DA:32,1
DA:33,1
DA:34,1
DA:35,1
DA:36,1
DA:37,1
DA:38,1
DA:39,1
DA:40,1
DA:41,1
DA:43,1
DA:44,1
DA:45,1
DA:46,1
DA:47,1
DA:48,1
DA:49,1
DA:50,1
DA:51,1
DA:52,1
DA:53,1
DA:55,1
DA:56,1
DA:57,1
DA:58,1
DA:59,1
DA:60,1
DA:61,1
DA:62,1
DA:63,1
DA:64,1
DA:66,1
DA:67,1
DA:68,1
DA:69,1
DA:70,1
DA:71,1
DA:72,1
DA:73,1
DA:74,1
DA:75,1
DA:76,1
DA:78,1
DA:79,1
DA:80,1
DA:81,1
DA:82,1
DA:83,1
DA:84,1
DA:85,1
DA:86,1
DA:87,1
DA:88,1
DA:90,1
DA:91,1
DA:92,1
DA:93,1
DA:94,1
DA:95,1
DA:96,1
DA:97,1
DA:100,1
DA:101,1
DA:102,1
DA:103,1
DA:104,1
DA:105,1
DA:106,1
DA:107,1
DA:109,1
DA:110,1
DA:111,1
DA:112,1
DA:113,1
DA:114,1
DA:115,1
DA:116,1
DA:117,1
DA:118,1
DA:120,1
DA:121,1
DA:122,1
DA:123,1
DA:124,1
DA:125,1
DA:126,1
DA:127,1
DA:128,1
DA:129,1
DA:131,1
DA:132,1
DA:133,1
DA:134,1
DA:135,1
DA:136,1
DA:137,1
DA:138,1
DA:139,1
DA:140,1
DA:141,1
DA:142,1
DA:144,1
DA:145,1
DA:146,4
DA:147,4
DA:148,4
DA:149,4
DA:151,1
DA:152,1
DA:153,1
DA:154,1
DA:155,1
DA:156,1
DA:158,1
DA:159,1
DA:160,1
DA:161,1
DA:162,1
DA:163,1
DA:164,1
DA:165,1
DA:166,1
DA:168,1
DA:169,1
DA:170,1
DA:171,1
DA:172,1
DA:173,1
DA:174,1
DA:175,1
DA:176,1
DA:178,1
DA:179,1
DA:180,1
DA:181,1
DA:182,1
DA:183,1
DA:184,1
DA:185,1
DA:186,1
DA:187,1
DA:189,1
DA:190,1
DA:191,2
DA:192,2
DA:193,2
DA:194,2
DA:196,1
DA:197,1
DA:198,1
DA:199,1
DA:201,1
DA:202,1
DA:203,1
DA:204,1
DA:205,1
DA:206,1
DA:207,1
LF:180
LH:180
BRDA:5,0,0,1
BRDA:9,1,0,11
BRDA:15,2,0,1
BRDA:21,3,0,1
BRDA:32,4,0,1
BRDA:43,5,0,1
BRDA:55,6,0,1
BRDA:66,7,0,1
BRDA:78,8,0,1
BRDA:90,9,0,1
BRDA:109,10,0,1
BRDA:120,11,0,1
BRDA:131,12,0,1
BRDA:144,13,0,1
BRDA:145,14,0,4
BRDA:151,15,0,1
BRDA:158,16,0,1
BRDA:168,17,0,1
BRDA:178,18,0,1
BRDA:189,19,0,1
BRDA:190,20,0,2
BRDA:196,21,0,1
BRDA:201,22,0,1
BRF:23
BRH:23
end_of_record
TN:
SF:src/composables/__tests__/useSelection.test.ts
FN:6,makeParam
FN:154,getFilteredTree
FN:167,getFilteredTree
FNF:3
FNH:3
FNDA:6,makeParam
FNDA:1,getFilteredTree
FNDA:1,getFilteredTree
DA:1,1
DA:3,1
DA:4,1
DA:6,6
DA:7,6
DA:8,6
DA:9,6
DA:10,6
DA:11,6
DA:12,6
DA:13,6
DA:14,6
DA:15,6
DA:16,6
DA:17,6
DA:18,6
DA:19,6
DA:20,6
DA:21,6
DA:23,1
DA:24,1
DA:25,1
DA:26,1
DA:27,1
DA:28,1
DA:30,1
DA:31,1
DA:32,1
DA:33,1
DA:35,1
DA:36,1
DA:37,1
DA:38,1
DA:39,1
DA:41,1
DA:42,1
DA:43,1
DA:44,1
DA:45,1
DA:46,1
DA:48,1
DA:49,1
DA:50,1
DA:51,1
DA:52,1
DA:53,1
DA:55,1
DA:56,1
DA:57,1
DA:58,1
DA:59,1
DA:60,1
DA:62,1
DA:63,1
DA:64,1
DA:65,1
DA:66,1
DA:68,1
DA:69,1
DA:70,1
DA:71,1
DA:72,1
DA:74,1
DA:75,1
DA:76,1
DA:77,1
DA:78,1
DA:80,1
DA:81,1
DA:82,1
DA:83,1
DA:84,1
DA:85,1
DA:87,1
DA:88,1
DA:89,1
DA:90,1
DA:91,1
DA:93,1
DA:94,1
DA:95,1
DA:96,1
DA:97,1
DA:99,1
DA:100,1
DA:101,1
DA:102,1
DA:103,1
DA:105,1
DA:106,1
DA:107,1
DA:108,1
DA:109,1
DA:110,1
DA:112,1
DA:113,1
DA:114,1
DA:115,1
DA:116,1
DA:117,1
DA:119,1
DA:120,1
DA:121,1
DA:122,1
DA:123,1
DA:124,1
DA:126,1
DA:127,1
DA:128,1
DA:129,1
DA:130,1
DA:132,1
DA:133,1
DA:134,1
DA:135,1
DA:136,1
DA:137,1
DA:138,1
DA:139,1
DA:141,1
DA:142,1
DA:143,1
DA:144,1
DA:145,1
DA:146,1
DA:147,1
DA:148,1
DA:149,1
DA:151,1
DA:152,1
DA:153,1
DA:154,1
DA:155,1
DA:156,1
DA:157,1
DA:158,1
DA:160,1
DA:161,1
DA:162,1
DA:163,1
DA:164,1
DA:166,1
DA:167,1
DA:168,1
DA:169,1
DA:170,1
DA:171,1
DA:173,1
DA:174,1
DA:175,1
DA:176,1
DA:177,1
DA:178,1
DA:179,1
DA:181,1
DA:182,1
DA:183,1
DA:184,1
DA:185,1
DA:188,1
DA:189,1
DA:190,1
DA:191,1
DA:193,1
DA:194,1
DA:195,1
DA:196,1
DA:198,1
DA:200,1
DA:201,1
DA:202,1
DA:203,1
DA:205,1
DA:206,1
DA:207,1
DA:208,1
DA:209,1
DA:210,1
DA:211,1
DA:213,1
DA:214,1
DA:215,1
DA:216,1
DA:217,1
DA:218,1
DA:219,1
DA:221,1
DA:222,1
DA:223,1
DA:224,1
DA:225,1
DA:226,1
LF:192
LH:192
BRDA:6,0,0,6
BRDA:23,1,0,1
BRDA:24,2,0,1
BRDA:25,3,0,1
BRDA:30,4,0,1
BRDA:35,5,0,1
BRDA:41,6,0,1
BRDA:42,7,0,1
BRDA:48,8,0,1
BRDA:55,9,0,1
BRDA:62,10,0,1
BRDA:63,11,0,1
BRDA:68,12,0,1
BRDA:74,13,0,1
BRDA:80,14,0,1
BRDA:87,15,0,1
BRDA:88,16,0,1
BRDA:93,17,0,1
BRDA:99,18,0,1
BRDA:105,19,0,1
BRDA:112,20,0,1
BRDA:113,21,0,1
BRDA:119,22,0,1
BRDA:126,23,0,1
BRDA:132,24,0,1
BRDA:141,25,0,1
BRDA:142,26,0,1
BRDA:151,27,0,1
BRDA:152,28,0,1
BRDA:154,29,0,1
BRDA:160,30,0,1
BRDA:166,31,0,1
BRDA:167,32,0,1
BRDA:173,33,0,1
BRDA:174,34,0,1
BRDA:181,35,0,1
BRDA:193,36,0,1
BRDA:205,37,0,1
BRDA:206,38,0,1
BRDA:213,39,0,1
BRDA:221,40,0,1
BRDA:223,41,0,1
BRF:42
BRH:42
end_of_record
TN:
SF:src/constants/filterConfig.ts
FNF:0
FNH:0
DA:1,1
DA:3,1
DA:4,1
DA:5,1
DA:6,1
DA:7,1
DA:8,1
DA:9,1
DA:10,1
DA:11,1
DA:13,1
DA:14,1
DA:15,1
DA:16,1
DA:17,1
DA:18,1
DA:19,1
DA:20,1
DA:21,1
DA:22,1
DA:23,1
DA:24,1
DA:26,1
DA:27,1
DA:28,1
DA:29,1
DA:30,1
DA:31,1
DA:32,1
DA:33,1
DA:34,1
DA:35,1
DA:36,1
DA:37,1
DA:38,1
LF:35
LH:35
BRF:0
BRH:0
end_of_record
TN:
SF:src/constants/helpPages.ts
FNF:0
FNH:0
DA:1,1
DA:2,1
DA:3,1
DA:4,1
DA:5,1
DA:6,1
DA:7,1
DA:8,1
DA:9,1
DA:10,1
DA:11,1
DA:12,1
DA:13,1
DA:14,1
DA:15,1
DA:16,1
DA:17,1
DA:18,1
DA:19,1
DA:20,1
DA:21,1
DA:22,1
DA:23,1
DA:24,1
DA:25,1
DA:26,1
DA:27,1
DA:28,1
DA:29,1
DA:30,1
DA:31,1
DA:32,1
DA:33,1
DA:34,1
DA:35,1
DA:36,1
DA:37,1
DA:38,1
DA:39,1
DA:40,1
DA:41,1
DA:42,1
DA:43,1
DA:44,1
DA:45,1
DA:46,1
DA:47,1
DA:48,1
DA:49,1
DA:50,1
DA:51,1
LF:51
LH:51
BRF:0
BRH:0
end_of_record
TN:
SF:src/utils/attackHints.ts
FN:13,isUUIDValueType
FN:20,getAttackHints
FNF:2
FNH:2
FNDA:21,isUUIDValueType
FNDA:69,getAttackHints
DA:1,1
DA:13,21
DA:14,21
DA:15,21
DA:20,1
DA:21,69
DA:22,69
DA:23,69
DA:24,69
DA:28,69
DA:29,6
DA:30,6
DA:31,6
DA:32,6
DA:33,6
DA:34,6
DA:36,69
DA:37,2
DA:38,2
DA:39,2
DA:40,2
DA:41,2
DA:42,2
DA:44,69
DA:45,2
DA:46,2
DA:47,2
DA:48,2
DA:49,2
DA:50,2
DA:52,69
DA:53,2
DA:54,2
DA:55,2
DA:56,2
DA:57,2
DA:58,2
DA:60,69
DA:61,1
DA:62,1
DA:63,1
DA:64,1
DA:65,1
DA:66,1
DA:68,69
DA:69,2
DA:70,2
DA:71,2
DA:72,2
DA:73,2
DA:74,2
DA:76,69
DA:77,1
DA:78,1
DA:79,1
DA:80,1
DA:81,1
DA:82,1
DA:84,69
DA:85,1
DA:86,1
DA:87,1
DA:88,1
DA:89,1
DA:90,1
DA:94,69
DA:95,4
DA:96,4
DA:97,4
DA:98,4
DA:99,4
DA:100,4
DA:102,69
DA:103,1
DA:104,1
DA:105,1
DA:106,1
DA:107,1
DA:108,1
DA:110,69
DA:111,69
DA:112,10
DA:113,10
DA:114,8
DA:115,2
DA:116,8
DA:117,1
DA:118,6
DA:119,1
DA:120,5
DA:121,2
DA:122,2
DA:123,2
DA:124,2
DA:125,8
DA:126,10
DA:127,10
DA:128,10
DA:129,10
DA:130,10
DA:131,10
DA:133,69
DA:134,1
DA:135,1
DA:136,1
DA:137,1
DA:138,1
DA:139,1
DA:141,69
DA:142,1
DA:143,1
DA:144,1
DA:145,1
DA:146,1
DA:147,1
DA:149,69
DA:150,1
DA:151,1
DA:152,1
DA:153,1
DA:154,1
DA:155,1
DA:157,69
DA:158,2
DA:159,2
DA:160,2
DA:161,2
DA:162,2
DA:163,2
DA:165,69
DA:166,1
DA:167,1
DA:168,1
DA:169,1
DA:170,1
DA:171,1
DA:173,69
DA:174,1
DA:175,1
DA:176,1
DA:177,1
DA:178,1
DA:179,1
DA:183,69
DA:184,34
DA:185,34
DA:186,34
DA:187,34
DA:188,34
DA:189,34
DA:191,69
DA:192,1
DA:193,1
DA:194,1
DA:195,1
DA:196,1
DA:197,1
DA:199,69
DA:200,1
DA:201,1
DA:202,1
DA:203,1
DA:204,1
DA:205,1
DA:207,69
DA:208,30
DA:209,30
DA:210,30
DA:211,30
DA:212,30
DA:213,30
DA:215,69
DA:216,1
DA:217,1
DA:218,1
DA:219,1
DA:220,1
DA:221,1
DA:223,69
DA:224,69
LF:180
LH:180
BRDA:13,0,0,21
BRDA:14,1,0,20
BRDA:20,2,0,69
BRDA:28,3,0,6
BRDA:36,4,0,2
BRDA:44,5,0,2
BRDA:52,6,0,2
BRDA:60,7,0,1
BRDA:68,8,0,2
BRDA:76,9,0,1
BRDA:84,10,0,1
BRDA:94,11,0,4
BRDA:102,12,0,2
BRDA:102,13,0,1
BRDA:111,14,0,67
BRDA:111,15,0,10
BRDA:113,16,0,8
BRDA:114,17,0,7
BRDA:114,18,0,2
BRDA:116,19,0,6
BRDA:116,20,0,1
BRDA:118,21,0,5
BRDA:118,22,0,1
BRDA:120,23,0,4
BRDA:120,24,0,3
BRDA:120,25,0,2
BRDA:133,26,0,1
BRDA:141,27,0,1
BRDA:149,28,0,1
BRDA:157,29,0,2
BRDA:165,30,0,1
BRDA:173,31,0,1
BRDA:183,32,0,38
BRDA:183,33,0,37
BRDA:183,34,0,34
BRDA:191,35,0,1
BRDA:199,36,0,1
BRDA:207,37,0,30
BRDA:215,38,0,1
BRF:39
BRH:39
end_of_record
TN:
SF:src/utils/format.ts
FN:4,formatDate
FNF:1
FNH:1
FNDA:47,formatDate
DA:4,1
DA:5,47
DA:6,47
DA:7,44
DA:8,44
LF:5
LH:5
BRDA:4,0,0,47
BRDA:5,1,0,42
BRDA:5,2,0,5
BRDA:6,3,0,3
BRDA:6,4,0,44
BRF:5
BRH:5
end_of_record
TN:
SF:src/utils/httpql.ts
FN:8,escapeHttpQLString
FN:16,escapeRegexLiteral
FN:32,buildPathRegex
FN:51,jsonLeafKey
FN:65,buildHttpQLForParameter
FNF:5
FNH:5
FNDA:62,escapeHttpQLString
FNDA:69,escapeRegexLiteral
FNDA:22,buildPathRegex
FNDA:9,jsonLeafKey
FNDA:14,buildHttpQLForParameter
DA:1,1
DA:8,1
DA:9,62
DA:10,62
DA:16,1
DA:17,69
DA:18,69
DA:32,1
DA:33,22
DA:34,22
DA:35,72
DA:36,72
DA:37,8
DA:38,8
DA:39,41
DA:40,22
DA:41,22
DA:42,22
DA:43,22
DA:51,1
DA:52,9
DA:53,9
DA:54,9
DA:55,9
DA:56,9
DA:57,9
DA:65,1
DA:66,14
DA:72,14
DA:73,14
DA:74,14
DA:76,14
DA:81,14
DA:82,14
DA:83,14
DA:85,14
DA:86,14
DA:90,7
DA:91,7
DA:92,7
DA:93,7
DA:94,7
DA:95,7
DA:96,14
DA:103,1
DA:104,1
DA:105,1
DA:106,1
DA:107,14
DA:110,2
DA:111,2
DA:112,2
DA:113,2
DA:114,2
DA:115,2
DA:116,14
DA:118,1
DA:119,1
DA:120,1
DA:121,1
DA:122,14
DA:125,1
DA:126,1
DA:127,1
DA:128,1
DA:129,14
DA:134,1
DA:135,1
DA:136,1
DA:137,1
DA:138,14
DA:140,1
DA:141,14
DA:143,14
DA:144,14
LF:75
LH:75
BRDA:8,0,0,62
BRDA:16,1,0,69
BRDA:32,2,0,22
BRDA:42,3,0,1
BRDA:42,4,0,21
BRDA:34,5,0,72
BRDA:35,6,0,23
BRDA:35,7,0,49
BRDA:36,8,0,8
BRDA:38,9,0,41
BRDA:51,10,0,9
BRDA:54,11,0,5
BRDA:65,12,0,14
BRDA:86,13,0,7
BRDA:96,14,0,1
BRDA:107,15,0,2
BRDA:116,16,0,1
BRDA:122,17,0,1
BRDA:129,18,0,1
BRDA:138,19,0,1
BRF:20
BRH:20
end_of_record
TN:
SF:src/utils/riskScore.ts
FN:32,computeRiskScore
FN:57,getRiskClass
FNF:2
FNH:2
FNDA:315,computeRiskScore
FNDA:31,getRiskClass
DA:1,1
DA:5,1
DA:6,1
DA:7,1
DA:8,1
DA:9,1
DA:10,1
DA:11,1
DA:12,1
DA:13,1
DA:14,1
DA:15,1
DA:16,1
DA:19,1
DA:20,1
DA:21,1
DA:22,1
DA:23,1
DA:24,1
DA:25,1
DA:26,1
DA:32,1
DA:33,315
DA:35,315
DA:36,315
DA:37,33
DA:38,33
DA:39,315
DA:41,315
DA:42,315
DA:43,14
DA:44,14
DA:45,315
DA:48,315
DA:49,315
DA:51,315
DA:52,315
DA:57,1
DA:58,31
DA:59,31
DA:60,22
DA:61,22
LF:42
LH:42
BRDA:32,0,0,315
BRDA:36,1,0,33
BRDA:37,2,0,1
BRDA:42,3,0,14
BRDA:43,4,0,1
BRDA:57,5,0,31
BRDA:58,6,0,4
BRDA:58,7,0,27
BRDA:59,8,0,5
BRDA:59,9,0,22
BRF:10
BRH:10
end_of_record
TN:
SF:src/utils/valueTypes.ts
FN:6,isUUIDValueType
FN:15,matchesValueTypeFilter
FNF:2
FNH:2
FNDA:36,isUUIDValueType
FNDA:176,matchesValueTypeFilter
DA:1,1
DA:6,1
DA:7,36
DA:8,36
DA:15,1
DA:16,176
DA:17,24
DA:18,24
DA:19,13
DA:20,24
DA:21,11
DA:22,11
DA:23,24
DA:24,6
DA:25,6
LF:15
LH:15
BRDA:6,0,0,36
BRDA:7,1,0,34
BRDA:15,2,0,176
BRDA:16,3,0,154
BRDA:16,4,0,24
BRDA:16,5,0,22
BRDA:18,6,0,13
BRDA:19,7,0,11
BRDA:20,8,0,11
BRDA:21,9,0,5
BRDA:23,10,0,6
BRF:11
BRH:11
end_of_record
TN:
SF:src/utils/__tests__/attackHints.test.ts
FN:6,makeParam
FN:23,labelOf
FNF:2
FNH:2
FNDA:38,makeParam
FNDA:34,labelOf
DA:1,1
DA:2,1
DA:4,1
DA:6,38
DA:7,38
DA:8,38
DA:9,38
DA:10,38
DA:11,38
DA:12,38
DA:13,38
DA:14,38
DA:15,38
DA:16,38
DA:17,38
DA:18,38
DA:19,38
DA:20,38
DA:21,38
DA:23,34
DA:24,34
DA:25,34
DA:31,1
DA:32,1
DA:34,1
DA:35,1
DA:36,1
DA:37,1
DA:39,1
DA:40,1
DA:41,1
DA:42,1
DA:44,1
DA:45,1
DA:46,1
DA:47,1
DA:49,1
DA:50,1
DA:51,1
DA:52,1
DA:54,1
DA:55,1
DA:56,1
DA:57,1
DA:59,1
DA:60,1
DA:61,1
DA:62,1
DA:64,1
DA:65,1
DA:66,1
DA:67,1
DA:69,1
DA:70,1
DA:71,1
DA:72,1
DA:74,1
DA:75,1
DA:76,1
DA:77,1
DA:79,1
DA:80,1
DA:81,1
DA:82,1
DA:84,1
DA:85,1
DA:86,1
DA:87,1
DA:88,1
DA:89,1
DA:90,1
DA:91,1
DA:92,1
DA:93,1
DA:99,1
DA:100,1
DA:101,1
DA:102,1
DA:103,1
DA:105,1
DA:106,1
DA:107,1
DA:108,1
DA:109,1
DA:110,1
DA:112,1
DA:113,1
DA:114,1
DA:115,1
DA:116,1
DA:117,1
DA:119,1
DA:120,1
DA:121,1
DA:122,1
DA:123,1
DA:125,1
DA:126,1
DA:127,1
DA:128,1
DA:129,1
DA:131,1
DA:132,1
DA:133,1
DA:134,1
DA:135,1
DA:136,1
DA:138,1
DA:139,1
DA:140,1
DA:141,1
DA:142,1
DA:144,1
DA:145,1
DA:146,1
DA:147,1
DA:148,1
DA:150,1
DA:151,1
DA:152,1
DA:153,1
DA:154,1
DA:156,1
DA:157,1
DA:158,1
DA:159,1
DA:160,1
DA:162,1
DA:163,1
DA:164,1
DA:165,1
DA:167,1
DA:168,1
DA:169,1
DA:170,1
DA:172,1
DA:173,1
DA:174,1
DA:175,1
DA:177,1
DA:178,1
DA:179,1
DA:180,1
DA:182,1
DA:183,1
DA:184,1
DA:185,1
DA:187,1
DA:188,1
DA:189,1
DA:190,1
DA:191,1
DA:197,1
DA:198,1
DA:199,1
DA:200,1
DA:201,1
DA:203,1
DA:204,1
DA:205,1
DA:206,1
DA:208,1
DA:209,1
DA:210,1
DA:211,1
DA:213,1
DA:214,1
DA:215,1
DA:216,1
DA:218,1
DA:219,1
DA:220,1
DA:221,1
DA:223,1
DA:224,1
DA:225,1
DA:226,1
DA:228,1
DA:229,1
DA:230,1
DA:231,1
DA:233,1
DA:234,1
DA:235,1
DA:236,1
DA:237,1
DA:238,1
DA:239,1
DA:245,1
DA:246,1
DA:247,1
DA:248,1
DA:249,1
DA:250,1
DA:251,1
DA:252,1
DA:253,1
DA:254,1
DA:255,1
DA:256,1
DA:258,1
DA:260,1
DA:261,1
DA:262,1
DA:263,1
DA:265,1
DA:266,1
DA:267,1
DA:268,2
DA:269,2
DA:270,2
DA:271,2
DA:272,2
DA:273,2
DA:274,2
DA:275,1
DA:276,1
LF:217
LH:217
BRDA:6,0,0,38
BRDA:23,1,0,34
BRDA:24,2,0,61
BRDA:31,3,0,1
BRDA:32,4,0,1
BRDA:39,5,0,1
BRDA:44,6,0,1
BRDA:49,7,0,1
BRDA:54,8,0,1
BRDA:59,9,0,1
BRDA:64,10,0,1
BRDA:69,11,0,1
BRDA:74,12,0,1
BRDA:79,13,0,1
BRDA:84,14,0,1
BRDA:99,15,0,1
BRDA:100,16,0,1
BRDA:105,17,0,1
BRDA:107,18,0,1
BRDA:112,19,0,1
BRDA:114,20,0,1
BRDA:119,21,0,1
BRDA:121,22,0,1
BRDA:125,23,0,1
BRDA:127,24,0,1
BRDA:131,25,0,1
BRDA:133,26,0,1
BRDA:138,27,0,1
BRDA:140,28,0,1
BRDA:144,29,0,1
BRDA:146,30,0,1
BRDA:150,31,0,1
BRDA:152,32,0,1
BRDA:156,33,0,1
BRDA:158,34,0,1
BRDA:162,35,0,1
BRDA:167,36,0,1
BRDA:172,37,0,1
BRDA:177,38,0,1
BRDA:182,39,0,1
BRDA:187,40,0,1
BRDA:197,41,0,1
BRDA:198,42,0,1
BRDA:203,43,0,1
BRDA:208,44,0,1
BRDA:213,45,0,1
BRDA:218,46,0,1
BRDA:223,47,0,1
BRDA:228,48,0,1
BRDA:233,49,0,1
BRDA:245,50,0,1
BRDA:246,51,0,1
BRDA:258,52,0,1
BRDA:265,53,0,1
BRDA:267,54,0,2
BRF:55
BRH:55
end_of_record
TN:
SF:src/utils/__tests__/format.test.ts
FNF:0
FNH:0
DA:1,1
DA:2,1
DA:4,1
DA:5,1
DA:6,1
DA:7,1
DA:9,1
DA:10,1
DA:11,1
DA:12,1
DA:14,1
DA:15,1
DA:16,1
DA:17,1
DA:18,1
DA:20,1
DA:21,1
DA:22,1
DA:24,1
DA:25,1
DA:26,1
DA:28,1
DA:29,1
DA:30,1
DA:32,1
DA:33,1
DA:34,1
DA:35,1
DA:36,1
DA:38,1
DA:39,1
DA:40,1
DA:41,1
DA:42,1
DA:43,1
DA:44,1
LF:36
LH:36
BRDA:4,0,0,1
BRDA:5,1,0,1
BRDA:14,2,0,1
BRDA:20,3,0,1
BRDA:24,4,0,1
BRDA:28,5,0,1
BRDA:32,6,0,1
BRDA:38,7,0,1
BRF:8
BRH:8
end_of_record
TN:
SF:src/utils/__tests__/httpql.test.ts
FN:12,makeParam
FNF:1
FNH:1
FNDA:14,makeParam
DA:1,1
DA:2,1
DA:10,1
DA:12,14
DA:13,14
DA:14,14
DA:15,14
DA:16,14
DA:17,14
DA:18,14
DA:19,14
DA:20,14
DA:21,14
DA:22,14
DA:23,14
DA:24,14
DA:25,14
DA:26,14
DA:27,14
DA:33,1
DA:34,1
DA:35,1
DA:36,1
DA:38,1
DA:39,1
DA:40,1
DA:42,1
DA:43,1
DA:44,1
DA:46,1
DA:47,1
DA:48,1
DA:50,1
DA:51,1
DA:52,1
DA:53,1
DA:59,1
DA:60,1
DA:61,1
DA:62,1
DA:64,1
DA:65,1
DA:66,1
DA:68,1
DA:69,1
DA:71,1
DA:72,1
DA:73,1
DA:75,1
DA:76,1
DA:77,1
DA:79,1
DA:80,1
DA:81,1
DA:82,1
DA:88,1
DA:89,1
DA:90,1
DA:91,1
DA:93,1
DA:94,1
DA:95,1
DA:97,1
DA:98,1
DA:99,1
DA:101,1
DA:102,1
DA:103,1
DA:104,1
DA:105,1
DA:107,1
DA:108,1
DA:109,1
DA:111,1
DA:112,1
DA:113,1
DA:115,1
DA:116,1
DA:117,1
DA:119,1
DA:120,1
DA:121,1
DA:122,1
DA:128,1
DA:129,1
DA:130,1
DA:131,1
DA:133,1
DA:134,1
DA:135,1
DA:137,1
DA:139,1
DA:140,1
DA:142,1
DA:143,1
DA:144,1
DA:146,1
DA:148,1
DA:149,1
DA:151,1
DA:152,1
DA:153,1
DA:155,1
DA:156,1
DA:157,1
DA:158,1
DA:164,1
DA:165,1
DA:166,1
DA:167,1
DA:168,1
DA:169,1
DA:170,1
DA:171,1
DA:172,1
DA:174,1
DA:175,1
DA:176,1
DA:178,1
DA:179,1
DA:180,1
DA:182,1
DA:183,1
DA:184,1
DA:185,1
DA:186,1
DA:188,1
DA:189,1
DA:190,1
DA:191,1
DA:192,1
DA:194,1
DA:195,1
DA:196,1
DA:197,1
DA:198,1
DA:199,1
DA:205,1
DA:206,1
DA:207,1
DA:208,1
DA:209,1
DA:210,1
DA:211,1
DA:213,1
DA:214,1
DA:215,1
DA:216,1
DA:217,1
DA:218,1
DA:219,1
DA:221,1
DA:222,1
DA:223,1
DA:224,1
DA:225,1
DA:226,1
DA:227,1
DA:229,1
DA:230,1
DA:231,1
DA:232,1
DA:233,1
DA:234,1
DA:236,1
DA:237,1
DA:238,1
DA:239,1
DA:240,1
DA:241,1
DA:243,1
DA:244,1
DA:245,1
DA:246,1
DA:247,1
DA:248,1
DA:249,1
DA:251,1
DA:252,1
DA:253,1
DA:254,1
DA:255,1
DA:256,1
DA:257,1
DA:259,1
DA:260,1
DA:261,1
DA:262,1
DA:263,1
DA:264,1
DA:265,1
DA:267,1
DA:268,1
DA:269,1
DA:270,1
DA:271,1
DA:272,1
DA:273,1
LF:198
LH:198
BRDA:12,0,0,14
BRDA:33,1,0,1
BRDA:34,2,0,1
BRDA:38,3,0,1
BRDA:42,4,0,1
BRDA:46,5,0,1
BRDA:50,6,0,1
BRDA:59,7,0,1
BRDA:60,8,0,1
BRDA:64,9,0,1
BRDA:71,10,0,1
BRDA:75,11,0,1
BRDA:79,12,0,1
BRDA:88,13,0,1
BRDA:89,14,0,1
BRDA:93,15,0,1
BRDA:97,16,0,1
BRDA:101,17,0,1
BRDA:107,18,0,1
BRDA:111,19,0,1
BRDA:115,20,0,1
BRDA:119,21,0,1
BRDA:128,22,0,1
BRDA:129,23,0,1
BRDA:133,24,0,1
BRDA:137,25,0,1
BRDA:142,26,0,1
BRDA:146,27,0,1
BRDA:151,28,0,1
BRDA:155,29,0,1
BRDA:164,30,0,1
BRDA:165,31,0,1
BRDA:174,32,0,1
BRDA:182,33,0,1
BRDA:188,34,0,1
BRDA:194,35,0,1
BRDA:205,36,0,1
BRDA:206,37,0,1
BRDA:213,38,0,1
BRDA:221,39,0,1
BRDA:222,40,0,1
BRDA:229,41,0,1
BRDA:230,42,0,1
BRDA:236,43,0,1
BRDA:243,44,0,1
BRDA:244,45,0,1
BRDA:251,46,0,1
BRDA:252,47,0,1
BRDA:259,48,0,1
BRDA:260,49,0,1
BRDA:267,50,0,1
BRDA:268,51,0,1
BRF:52
BRH:52
end_of_record
TN:
SF:src/utils/__tests__/riskScore.test.ts
FN:11,makeParam
FNF:1
FNH:1
FNDA:14,makeParam
DA:1,1
DA:2,1
DA:9,1
DA:11,14
DA:12,14
DA:13,14
DA:14,14
DA:15,14
DA:16,14
DA:17,14
DA:18,14
DA:19,14
DA:20,14
DA:21,14
DA:22,14
DA:23,14
DA:24,14
DA:25,14
DA:26,14
DA:28,1
DA:29,1
DA:30,1
DA:31,1
DA:32,1
DA:33,1
DA:34,1
DA:35,1
DA:36,1
DA:37,1
DA:38,1
DA:39,1
DA:40,1
DA:41,1
DA:43,1
DA:44,1
DA:45,1
DA:46,1
DA:47,1
DA:48,1
DA:49,1
DA:50,1
DA:51,1
DA:52,1
DA:54,1
DA:55,1
DA:56,1
DA:57,1
DA:58,1
DA:60,1
DA:61,1
DA:63,1
DA:64,1
DA:66,1
DA:68,1
DA:70,1
DA:72,1
DA:73,1
DA:75,1
DA:77,1
DA:78,1
DA:79,1
DA:80,1
DA:81,1
DA:82,1
DA:83,1
DA:85,1
DA:87,1
DA:88,1
DA:89,1
DA:90,1
DA:91,1
DA:92,1
DA:93,1
DA:95,1
DA:99,1
DA:100,1
DA:101,1
DA:102,1
DA:103,1
DA:104,1
DA:105,1
DA:107,1
DA:112,1
DA:113,1
DA:114,1
DA:115,1
DA:116,1
DA:117,1
DA:118,1
DA:120,1
DA:122,1
DA:123,1
DA:124,1
DA:125,1
DA:126,1
DA:128,1
DA:129,1
DA:130,1
DA:131,1
DA:133,1
DA:134,1
DA:135,1
DA:136,1
DA:138,1
DA:139,1
DA:140,1
DA:141,1
DA:142,1
DA:143,1
DA:145,1
DA:146,1
DA:147,1
DA:148,1
DA:149,1
DA:151,1
DA:152,1
DA:153,1
DA:154,1
DA:156,1
DA:157,1
DA:158,1
DA:159,1
DA:161,1
DA:162,1
DA:163,1
DA:164,1
DA:166,1
DA:167,1
DA:168,1
DA:169,1
DA:170,1
LF:131
LH:131
BRDA:11,0,0,14
BRDA:28,1,0,1
BRDA:29,2,0,1
BRDA:43,3,0,1
BRDA:44,4,0,1
BRDA:54,5,0,1
BRDA:55,6,0,1
BRDA:60,7,0,1
BRDA:66,8,0,1
BRDA:75,9,0,1
BRDA:85,10,0,1
BRDA:95,11,0,1
BRDA:107,12,0,1
BRDA:120,13,0,1
BRDA:128,14,0,1
BRDA:133,15,0,1
BRDA:138,16,0,1
BRDA:145,17,0,1
BRDA:146,18,0,1
BRDA:151,19,0,1
BRDA:156,20,0,1
BRDA:161,21,0,1
BRDA:166,22,0,1
BRF:23
BRH:23
end_of_record
TN:
SF:src/utils/__tests__/valueTypes.test.ts
FNF:0
FNH:0
DA:1,1
DA:2,1
DA:3,1
DA:9,1
DA:10,1
DA:11,1
DA:12,1
DA:14,1
DA:15,1
DA:16,1
DA:17,1
DA:18,1
DA:19,1
DA:20,1
DA:21,1
DA:22,1
DA:23,1
DA:24,1
DA:25,1
DA:26,8
DA:27,8
DA:28,1
DA:30,1
DA:31,1
DA:32,1
DA:33,1
DA:34,1
DA:35,1
DA:36,1
DA:37,1
DA:38,1
DA:39,1
DA:40,1
DA:41,1
DA:42,1
DA:43,1
DA:44,1
DA:45,1
DA:46,1
DA:47,1
DA:48,14
DA:49,14
DA:50,1
DA:51,1
DA:57,1
DA:58,1
DA:59,1
DA:60,1
DA:61,1
DA:63,1
DA:64,1
DA:65,1
DA:66,1
DA:67,1
DA:69,1
DA:70,1
DA:71,1
DA:72,1
DA:73,1
DA:75,1
DA:76,1
DA:77,1
DA:79,1
DA:80,1
DA:81,1
DA:82,1
DA:83,1
DA:84,1
DA:85,1
DA:86,1
DA:88,1
DA:89,1
DA:90,1
DA:91,1
DA:92,1
DA:94,1
DA:95,1
DA:96,1
DA:97,1
DA:98,1
DA:100,1
DA:101,1
DA:102,1
DA:103,1
DA:104,1
DA:105,1
DA:106,1
DA:107,1
DA:108,1
DA:109,1
DA:110,1
DA:111,1
DA:112,1
DA:113,9
DA:114,9
DA:115,9
DA:116,9
DA:117,1
DA:119,1
DA:120,1
DA:121,1
DA:122,1
DA:123,1
DA:124,1
DA:125,1
DA:126,1
DA:128,1
DA:130,1
DA:131,1
DA:132,1
DA:133,1
DA:134,1
DA:135,1
DA:136,1
DA:138,1
DA:139,1
DA:140,1
DA:141,1
DA:142,1
DA:143,1
DA:144,1
DA:145,1
DA:146,1
LF:123
LH:123
BRDA:9,0,0,1
BRDA:10,1,0,1
BRDA:14,2,0,1
BRDA:25,3,0,8
BRDA:30,4,0,1
BRDA:47,5,0,14
BRDA:57,6,0,1
BRDA:58,7,0,1
BRDA:63,8,0,1
BRDA:69,9,0,1
BRDA:75,10,0,1
BRDA:79,11,0,1
BRDA:88,12,0,1
BRDA:94,13,0,1
BRDA:100,14,0,1
BRDA:112,15,0,9
BRDA:119,16,0,1
BRDA:128,17,0,1
BRDA:138,18,0,1
BRF:19
BRH:19
end_of_record
TN:
SF:src/views/App.vue
FN:1,(empty-report)
FNF:1
FNH:0
FNDA:0,(empty-report)
DA:1,0
DA:2,0
DA:3,0
DA:4,0
DA:5,0
DA:6,0
DA:7,0
DA:8,0
DA:9,0
DA:10,0
DA:11,0
DA:12,0
DA:14,0
DA:15,0
DA:16,0
DA:17,0
DA:18,0
DA:19,0
DA:20,0
DA:21,0
DA:22,0
DA:23,0
DA:24,0
DA:25,0
DA:27,0
DA:28,0
DA:29,0
DA:30,0
DA:31,0
DA:32,0
DA:33,0
DA:34,0
DA:36,0
DA:37,0
DA:38,0
DA:39,0
DA:40,0
DA:41,0
DA:42,0
DA:43,0
DA:44,0
DA:46,0
DA:47,0
DA:48,0
DA:49,0
DA:50,0
DA:51,0
DA:53,0
DA:54,0
DA:55,0
DA:56,0
DA:57,0
DA:59,0
DA:60,0
DA:61,0
DA:62,0
DA:63,0
DA:64,0
DA:65,0
DA:66,0
DA:68,0
DA:69,0
DA:70,0
DA:71,0
DA:72,0
DA:76,0
DA:84,0
DA:85,0
DA:86,0
DA:87,0
DA:88,0
DA:89,0
DA:90,0
DA:91,0
DA:92,0
DA:93,0
DA:94,0
DA:95,0
DA:96,0
DA:97,0
DA:98,0
DA:99,0
DA:100,0
DA:102,0
DA:103,0
DA:104,0
DA:105,0
DA:106,0
DA:108,0
DA:111,0
DA:114,0
DA:115,0
DA:116,0
DA:117,0
DA:118,0
DA:119,0
DA:120,0
DA:121,0
DA:122,0
DA:123,0
DA:124,0
DA:125,0
DA:126,0
DA:129,0
DA:130,0
DA:131,0
DA:132,0
DA:133,0
DA:134,0
DA:135,0
DA:136,0
DA:137,0
DA:138,0
DA:139,0
DA:140,0
DA:141,0
DA:142,0
DA:143,0
DA:144,0
DA:145,0
DA:146,0
DA:147,0
DA:148,0
DA:149,0
DA:151,0
DA:152,0
DA:153,0
DA:156,0
DA:163,0
DA:164,0
DA:165,0
DA:166,0
DA:167,0
DA:168,0
DA:169,0
DA:170,0
DA:171,0
DA:172,0
DA:173,0
DA:174,0
DA:175,0
DA:176,0
DA:180,0
DA:182,0
DA:183,0
DA:187,0
DA:189,0
DA:190,0
DA:191,0
DA:192,0
DA:197,0
DA:198,0
DA:199,0
DA:200,0
DA:201,0
DA:202,0
DA:203,0
DA:204,0
DA:205,0
DA:206,0
DA:208,0
DA:209,0
DA:210,0
DA:211,0
DA:212,0
DA:213,0
DA:216,0
DA:217,0
DA:218,0
DA:219,0
DA:220,0
DA:222,0
DA:224,0
DA:225,0
DA:226,0
DA:227,0
DA:228,0
DA:229,0
DA:230,0
DA:231,0
DA:232,0
DA:233,0
DA:234,0
DA:235,0
DA:236,0
DA:238,0
DA:239,0
DA:240,0
DA:241,0
DA:242,0
DA:243,0
DA:244,0
DA:245,0
DA:246,0
DA:249,0
DA:251,0
DA:252,0
DA:253,0
DA:254,0
DA:255,0
DA:256,0
DA:258,0
DA:259,0
DA:260,0
DA:261,0
DA:262,0
DA:263,0
DA:264,0
DA:265,0
DA:267,0
DA:268,0
DA:269,0
DA:270,0
DA:271,0
DA:273,0
DA:275,0
DA:276,0
DA:277,0
DA:278,0
DA:279,0
DA:280,0
DA:281,0
DA:284,0
DA:285,0
DA:287,0
DA:288,0
DA:289,0
DA:290,0
DA:291,0
DA:292,0
DA:293,0
DA:295,0
DA:296,0
DA:297,0
DA:298,0
DA:299,0
DA:300,0
DA:301,0
DA:302,0
DA:303,0
DA:304,0
DA:305,0
DA:306,0
DA:307,0
DA:308,0
DA:309,0
DA:310,0
DA:311,0
DA:312,0
DA:313,0
DA:314,0
DA:315,0
DA:316,0
DA:317,0
DA:318,0
DA:319,0
DA:320,0
DA:321,0
DA:322,0
DA:323,0
DA:324,0
DA:325,0
DA:326,0
DA:328,0
DA:329,0
DA:330,0
DA:331,0
DA:332,0
DA:333,0
DA:334,0
DA:335,0
DA:336,0
DA:337,0
DA:338,0
DA:339,0
DA:340,0
DA:341,0
DA:342,0
DA:344,0
DA:345,0
DA:346,0
DA:347,0
LF:282
LH:0
BRDA:1,0,0,0
BRF:1
BRH:0
end_of_record
